#
# A fatal error has been detected by the Java Runtime Environment:
#
#  SIGBUS (0xa) at pc=0x0000000102546eb9, pid=32427, tid=14607
#
# JRE version: Java(TM) SE Runtime Environment (8.0_71-b15) (build 1.8.0_71-b15)
# Java VM: Java HotSpot(TM) 64-Bit Server VM (25.71-b15 mixed mode bsd-amd64 compressed oops)
# Problematic frame:
# C  [libzip.dylib+0x2eb9]  newEntry+0x154
#
# Failed to write core dump. Core dumps have been disabled. To enable core dumping, try "ulimit -c unlimited" before starting Java again
#
# If you would like to submit a bug report, please visit:
#   http://bugreport.java.com/bugreport/crash.jsp
# The crash happened outside the Java Virtual Machine in native code.
# See problematic frame for where to report the bug.
#

---------------  T H R E A D  ---------------

Current thread (0x00007f993d81a000):  JavaThread "Thread-7" [_thread_in_native, id=14607, stack(0x0000700001c6e000,0x0000700001d6e000)]

siginfo: si_signo: 10 (SIGBUS), si_code: 2 (BUS_ADRERR), si_addr: 0x000000011b2a56ce

Registers:
RAX=0x00007f993944b540, RBX=0x000000011b2a56c2, RCX=0x0000000000000700, RDX=0x0000000000000000
RSP=0x0000700001d6b3c0, RBP=0x0000700001d6b420, RSI=0x00007f9939600000, RDI=0x0000000102250400
R8 =0x0000000000000004, R9 =0x00000000fffffffc, R10=0x0000000103edae98, R11=0x00006ff86ab09e5e
R12=0x000000011b13a000, R13=0x000000000002f2f0, R14=0x000000005cf53e6c, R15=0x00007f993b8bdad0
RIP=0x0000000102546eb9, EFLAGS=0x0000000000010202, ERR=0x0000000000000004
  TRAPNO=0x000000000000000e

Top of Stack: (sp=0x0000700001d6b3c0)
0x0000700001d6b3c0:   0000000000000000 0000000017d87aa8
0x0000700001d6b3d0:   0000000000000000 0000000000000000
0x0000700001d6b3e0:   0000700001d6b400 00007f993944b540
0x0000700001d6b3f0:   00007f99396729d0 00007f993944b540
0x0000700001d6b400:   000000011b13a000 000000000002f2f0
0x0000700001d6b410:   000000005cf53e6c 00007f993b8bdad0
0x0000700001d6b420:   0000700001d6b480 0000000102547554
0x0000700001d6b430:   0000700001d6b4d6 0000700001d6b4d5
0x0000700001d6b440:   0000003600000000 000000370181a000
0x0000700001d6b450:   0000700001d6b49e 0000700001d6b8e8
0x0000700001d6b460:   0000000000000037 0000700001d6b49e
0x0000700001d6b470:   00007f993944b540 00007f993d81a1f8
0x0000700001d6b480:   0000700001d6b8d0 000000010254634f
0x0000700001d6b490:   0000000000000000 6f69000000000001
0x0000700001d6b4a0:   632f797474656e2f 412f6c656e6e6168
0x0000700001d6b4b0:   4374636172747362 61486c656e6e6168
0x0000700001d6b4c0:   6e6f4372656c646e 2e33312474786574
0x0000700001d6b4d0:   0000007373616c63 0000000017e6cff8
0x0000700001d6b4e0:   0000000017d87a28 0000000000000000
0x0000700001d6b4f0:   0000000000000000 0000000000000000
0x0000700001d6b500:   000000001bb13aa8 000000001bc70f70
0x0000700001d6b510:   000000001bc70f70 0000000000000000
0x0000700001d6b520:   00000000182cca88 0000000000000000
0x0000700001d6b530:   0000700001d6b590 00007fff926a4ed2
0x0000700001d6b540:   0000700001d6b718 0000700001d6b708
0x0000700001d6b550:   000000001bc722b8 0000700001d6b6f8
0x0000700001d6b560:   0000000000000000 0000000000000000
0x0000700001d6b570:   000000010340ab9a 000000000000003f
0x0000700001d6b580:   0000000000000000 00007fff926ee9a0
0x0000700001d6b590:   0000700001d6b980 00007fff926af653
0x0000700001d6b5a0:   00000000182ccaa8 0000000000000000
0x0000700001d6b5b0:   000000001bc73b98 000000001bc73bb8 

Instructions: (pc=0x0000000102546eb9)
0x0000000102546e99:   49 8b 7f 38 e8 50 1b 00 00 4d 89 77 38 49 89 5f
0x0000000102546ea9:   40 4c 89 f0 48 85 c0 0f 84 11 05 00 00 48 89 c3
0x0000000102546eb9:   0f b6 43 0c 0f b6 4b 0d 48 c1 e1 08 48 01 c1 0f
0x0000000102546ec9:   b6 43 0e 0f b6 53 0f 48 c1 e2 08 48 01 c2 48 c1 

Register to memory mapping:

RAX=0x00007f993944b540 is an unknown value
RBX=0x000000011b2a56c2 is an unknown value
RCX=0x0000000000000700 is an unknown value
RDX=0x0000000000000000 is an unknown value
RSP=0x0000700001d6b3c0 is pointing into the stack for thread: 0x00007f993d81a000
RBP=0x0000700001d6b420 is pointing into the stack for thread: 0x00007f993d81a000
RSI=0x00007f9939600000 is an unknown value
RDI=0x0000000102250400 is an unknown value
R8 =0x0000000000000004 is an unknown value
R9 =0x00000000fffffffc is an unknown value
R10=0x0000000103edae98 is at entry_point+88 in (nmethod*)0x0000000103edacd0
R11=0x00006ff86ab09e5e is an unknown value
R12=0x000000011b13a000 is an unknown value
R13=0x000000000002f2f0 is an unknown value
R14=0x000000005cf53e6c is an unknown value
R15=0x00007f993b8bdad0 is an unknown value


Stack: [0x0000700001c6e000,0x0000700001d6e000],  sp=0x0000700001d6b3c0,  free space=1012k
Native frames: (J=compiled Java code, j=interpreted, Vv=VM code, C=native code)
C  [libzip.dylib+0x2eb9]  newEntry+0x154
C  [libzip.dylib+0x3554]  ZIP_GetEntry2+0xd4
C  [libzip.dylib+0x234f]  Java_java_util_zip_ZipFile_getEntry+0xcf
J 148  java.util.zip.ZipFile.getEntry(J[BZ)J (0 bytes) @ 0x0000000103edaf0e [0x0000000103edae40+0xce]
J 656 C2 sun.misc.URLClassPath$JarLoader.getResource(Ljava/lang/String;Z)Lsun/misc/Resource; (85 bytes) @ 0x0000000104067f14 [0x00000001040679e0+0x534]
J 1337 C2 java.net.URLClassLoader$1.run()Ljava/lang/Object; (5 bytes) @ 0x00000001041bb23c [0x00000001041bacc0+0x57c]
v  ~StubRoutines::call_stub
V  [libjvm.dylib+0x2ea59a]  JavaCalls::call_helper(JavaValue*, methodHandle*, JavaCallArguments*, Thread*)+0x6ae
V  [libjvm.dylib+0x34aac4]  JVM_DoPrivileged+0x4b8
J 164  java.security.AccessController.doPrivileged(Ljava/security/PrivilegedExceptionAction;Ljava/security/AccessControlContext;)Ljava/lang/Object; (0 bytes) @ 0x0000000103ee45d5 [0x0000000103ee4500+0xd5]
J 1058 C2 java.lang.ClassLoader.loadClass(Ljava/lang/String;Z)Ljava/lang/Class; (122 bytes) @ 0x00000001040fa800 [0x00000001040f9ca0+0xb60]
J 175 C1 sun.misc.Launcher$AppClassLoader.loadClass(Ljava/lang/String;Z)Ljava/lang/Class; (85 bytes) @ 0x0000000103ef29a4 [0x0000000103ef2000+0x9a4]
J 174 C1 java.lang.ClassLoader.loadClass(Ljava/lang/String;)Ljava/lang/Class; (7 bytes) @ 0x0000000103ef1c44 [0x0000000103ef1b40+0x104]
v  ~StubRoutines::call_stub
V  [libjvm.dylib+0x2ea59a]  JavaCalls::call_helper(JavaValue*, methodHandle*, JavaCallArguments*, Thread*)+0x6ae
V  [libjvm.dylib+0x2ead28]  JavaCalls::call_virtual(JavaValue*, KlassHandle, Symbol*, Symbol*, JavaCallArguments*, Thread*)+0x164
V  [libjvm.dylib+0x2eae80]  JavaCalls::call_virtual(JavaValue*, Handle, KlassHandle, Symbol*, Symbol*, Handle, Thread*)+0x56
V  [libjvm.dylib+0x5331e0]  SystemDictionary::load_instance_class(Symbol*, Handle, Thread*)+0x2d8
V  [libjvm.dylib+0x532979]  SystemDictionary::resolve_instance_class_or_null(Symbol*, Handle, Handle, Thread*)+0x48f
V  [libjvm.dylib+0x5333fc]  SystemDictionary::resolve_or_null(Symbol*, Handle, Handle, Thread*)+0x106
V  [libjvm.dylib+0x533a79]  SystemDictionary::resolve_or_fail(Symbol*, Handle, Handle, bool, Thread*)+0x31
V  [libjvm.dylib+0x1e0b6a]  ConstantPool::klass_at_impl(constantPoolHandle, int, Thread*)+0x2ee
V  [libjvm.dylib+0x1f0e2e]  ConstantPool::klass_at(int, Thread*)+0x92
V  [libjvm.dylib+0x2e5f77]  InterpreterRuntime::_new(JavaThread*, ConstantPool*, int)+0x2d
j  io.netty.channel.AbstractChannelHandlerContext.close(Lio/netty/channel/ChannelPromise;)Lio/netty/channel/ChannelFuture;+39
j  io.netty.channel.AbstractChannelHandlerContext.close()Lio/netty/channel/ChannelFuture;+5
j  io.netty.channel.DefaultChannelPipeline.close()Lio/netty/channel/ChannelFuture;+4
j  io.netty.channel.AbstractChannel.close()Lio/netty/channel/ChannelFuture;+4
j  io.grpc.netty.NettyServer.shutdown()V+24
j  io.grpc.internal.ServerImpl.shutdown()Lio/grpc/internal/ServerImpl;+59
j  io.grpc.internal.ServerImpl.shutdown()Lio/grpc/Server;+1
j  com.echo.captain.CaptainServer.com$echo$captain$CaptainServer$$stop()V+11
j  com.echo.captain.CaptainServer$$anon$1.run()V+12
v  ~StubRoutines::call_stub
V  [libjvm.dylib+0x2ea59a]  JavaCalls::call_helper(JavaValue*, methodHandle*, JavaCallArguments*, Thread*)+0x6ae
V  [libjvm.dylib+0x2ead28]  JavaCalls::call_virtual(JavaValue*, KlassHandle, Symbol*, Symbol*, JavaCallArguments*, Thread*)+0x164
V  [libjvm.dylib+0x2eaed4]  JavaCalls::call_virtual(JavaValue*, Handle, KlassHandle, Symbol*, Symbol*, Thread*)+0x4a
V  [libjvm.dylib+0x345451]  thread_entry(JavaThread*, Thread*)+0x7c
V  [libjvm.dylib+0x560e73]  JavaThread::thread_main_inner()+0x9b
V  [libjvm.dylib+0x56256e]  JavaThread::run()+0x1c2
V  [libjvm.dylib+0x482fc2]  java_start(Thread*)+0xf6
C  [libsystem_pthread.dylib+0x399d]  _pthread_body+0x83
C  [libsystem_pthread.dylib+0x391a]  _pthread_body+0x0
C  [libsystem_pthread.dylib+0x1351]  thread_start+0xd
C  0x0000000000000000

Java frames: (J=compiled Java code, j=interpreted, Vv=VM code)
J 148  java.util.zip.ZipFile.getEntry(J[BZ)J (0 bytes) @ 0x0000000103edae98 [0x0000000103edae40+0x58]
J 656 C2 sun.misc.URLClassPath$JarLoader.getResource(Ljava/lang/String;Z)Lsun/misc/Resource; (85 bytes) @ 0x0000000104067f14 [0x00000001040679e0+0x534]
J 1337 C2 java.net.URLClassLoader$1.run()Ljava/lang/Object; (5 bytes) @ 0x00000001041bb23c [0x00000001041bacc0+0x57c]
v  ~StubRoutines::call_stub
J 164  java.security.AccessController.doPrivileged(Ljava/security/PrivilegedExceptionAction;Ljava/security/AccessControlContext;)Ljava/lang/Object; (0 bytes) @ 0x0000000103ee4563 [0x0000000103ee4500+0x63]
J 1058 C2 java.lang.ClassLoader.loadClass(Ljava/lang/String;Z)Ljava/lang/Class; (122 bytes) @ 0x00000001040fa800 [0x00000001040f9ca0+0xb60]
J 175 C1 sun.misc.Launcher$AppClassLoader.loadClass(Ljava/lang/String;Z)Ljava/lang/Class; (85 bytes) @ 0x0000000103ef29a4 [0x0000000103ef2000+0x9a4]
J 174 C1 java.lang.ClassLoader.loadClass(Ljava/lang/String;)Ljava/lang/Class; (7 bytes) @ 0x0000000103ef1c44 [0x0000000103ef1b40+0x104]
v  ~StubRoutines::call_stub
j  io.netty.channel.AbstractChannelHandlerContext.close(Lio/netty/channel/ChannelPromise;)Lio/netty/channel/ChannelFuture;+39
j  io.netty.channel.AbstractChannelHandlerContext.close()Lio/netty/channel/ChannelFuture;+5
j  io.netty.channel.DefaultChannelPipeline.close()Lio/netty/channel/ChannelFuture;+4
j  io.netty.channel.AbstractChannel.close()Lio/netty/channel/ChannelFuture;+4
j  io.grpc.netty.NettyServer.shutdown()V+24
j  io.grpc.internal.ServerImpl.shutdown()Lio/grpc/internal/ServerImpl;+59
j  io.grpc.internal.ServerImpl.shutdown()Lio/grpc/Server;+1
j  com.echo.captain.CaptainServer.com$echo$captain$CaptainServer$$stop()V+11
j  com.echo.captain.CaptainServer$$anon$1.run()V+12
v  ~StubRoutines::call_stub

---------------  P R O C E S S  ---------------

Java Threads: ( => current thread )
=>0x00007f993d81a000 JavaThread "Thread-7" [_thread_in_native, id=14607, stack(0x0000700001c6e000,0x0000700001d6e000)]
  0x00007f993e044000 JavaThread "SIGINT handler" daemon [_thread_blocked, id=25863, stack(0x0000700000932000,0x0000700000a32000)]
  0x00007f993a9e4800 JavaThread "ForkJoinPool-1-worker-5" daemon [_thread_blocked, id=13835, stack(0x0000700001b6b000,0x0000700001c6b000)]
  0x00007f9939baa000 JavaThread "threadDeathWatcher-4-1" daemon [_thread_blocked, id=25347, stack(0x0000700001965000,0x0000700001a65000)]
  0x00007f993b1f9000 JavaThread "grpc-default-worker-ELG-3-1" daemon [_thread_in_native, id=24835, stack(0x0000700001862000,0x0000700001962000)]
  0x00007f993a0ae800 JavaThread "grpc-default-boss-ELG-1-1" daemon [_thread_in_native, id=24323, stack(0x000070000175f000,0x000070000185f000)]
  0x00007f9939b65800 JavaThread "Thread-6" daemon [_thread_blocked, id=23811, stack(0x000070000165c000,0x000070000175c000)]
  0x00007f993b078800 JavaThread "Thread-5" daemon [_thread_blocked, id=23299, stack(0x0000700001559000,0x0000700001659000)]
  0x00007f993aa34000 JavaThread "Thread-4" daemon [_thread_in_native, id=22787, stack(0x0000700001456000,0x0000700001556000)]
  0x00007f993b078000 JavaThread "Thread-3" daemon [_thread_blocked, id=22275, stack(0x0000700001353000,0x0000700001453000)]
  0x00007f993b163800 JavaThread "Thread-2" daemon [_thread_blocked, id=21763, stack(0x0000700001250000,0x0000700001350000)]
  0x00007f993aa2f000 JavaThread "Thread-1" daemon [_thread_blocked, id=21255, stack(0x000070000114d000,0x000070000124d000)]
  0x00007f9939b0a800 JavaThread "cluster-ClusterId{value='57d7b1df5e19017eabe97681', description='null'}-localhost:27017" daemon [_thread_blocked, id=20751, stack(0x000070000104a000,0x000070000114a000)]
  0x00007f99398a3800 JavaThread "Service Thread" daemon [_thread_blocked, id=18691, stack(0x0000700000e44000,0x0000700000f44000)]
  0x00007f99398a3000 JavaThread "C1 CompilerThread2" daemon [_thread_blocked, id=18179, stack(0x0000700000d41000,0x0000700000e41000)]
  0x00007f993b004000 JavaThread "C2 CompilerThread1" daemon [_thread_blocked, id=17667, stack(0x0000700000c3e000,0x0000700000d3e000)]
  0x00007f993a826800 JavaThread "C2 CompilerThread0" daemon [_thread_blocked, id=17155, stack(0x0000700000b3b000,0x0000700000c3b000)]
  0x00007f993a834800 JavaThread "Signal Dispatcher" daemon [_thread_blocked, id=12815, stack(0x0000700000a38000,0x0000700000b38000)]
  0x00007f993a806000 JavaThread "Finalizer" daemon [_thread_blocked, id=12291, stack(0x000070000082f000,0x000070000092f000)]
  0x00007f993a805000 JavaThread "Reference Handler" daemon [_thread_blocked, id=11779, stack(0x000070000072c000,0x000070000082c000)]
  0x00007f993a002800 JavaThread "main" [_thread_blocked, id=3079, stack(0x000070000011a000,0x000070000021a000)]

Other Threads:
  0x00007f9939863800 VMThread [stack: 0x0000700000629000,0x0000700000729000] [id=11267]
  0x00007f99398a4800 WatcherThread [stack: 0x0000700000f47000,0x0000700001047000] [id=19203]

VM state:not at safepoint (normal execution)

VM Mutex/Monitor currently owned by a thread: None

Heap:
 PSYoungGen      total 38400K, used 29665K [0x0000000795580000, 0x000000079a080000, 0x00000007c0000000)
  eden space 33280K, 89% used [0x0000000795580000,0x0000000797278708,0x0000000797600000)
  from space 5120K, 0% used [0x0000000799b80000,0x0000000799b80000,0x000000079a080000)
  to   space 5120K, 0% used [0x0000000797600000,0x0000000797600000,0x0000000797b00000)
 ParOldGen       total 44032K, used 7705K [0x0000000740000000, 0x0000000742b00000, 0x0000000795580000)
  object space 44032K, 17% used [0x0000000740000000,0x0000000740786508,0x0000000742b00000)
 Metaspace       used 26815K, capacity 26974K, committed 27264K, reserved 1073152K
  class space    used 3542K, capacity 3621K, committed 3712K, reserved 1048576K

Card table byte_map: [0x000000011314f000,0x0000000113550000] byte_map_base: 0x000000010f74f000

Marking Bits: (ParMarkBitMap*) 0x00000001036e3ea0
 Begin Bits: [0x00000001137fb000, 0x00000001157fb000)
 End Bits:   [0x00000001157fb000, 0x00000001177fb000)

Polling page: 0x000000010253a000

CodeCache: size=245760Kb used=5083Kb max_used=5196Kb free=240676Kb
 bounds [0x0000000103d8f000, 0x00000001042af000, 0x0000000112d8f000]
 total_blobs=2177 nmethods=1733 adapters=357
 compilation: enabled

Compilation events (10 events):
Event: 2561.874 Thread 0x00007f99398a3000 1897       3       com.mongodb.connection.ServerDescription::getRoundTripTimeNanos (5 bytes)
Event: 2561.874 Thread 0x00007f99398a3000 nmethod 1897 0x0000000103ec3910 code [0x0000000103ec3a60, 0x0000000103ec3bb0]
Event: 2641.902 Thread 0x00007f993a826800 1898       4       java.lang.Character::codePointAt (51 bytes)
Event: 2641.903 Thread 0x00007f993a826800 nmethod 1898 0x0000000103fe7010 code [0x0000000103fe7160, 0x0000000103fe7298]
Event: 2690.773 Thread 0x00007f99398a3000 1899       1       java.util.logging.LogManager::access$500 (5 bytes)
Event: 2690.773 Thread 0x00007f99398a3000 nmethod 1899 0x0000000104029ed0 code [0x000000010402a020, 0x000000010402a110]
Event: 2690.773 Thread 0x00007f99398a3000 1900   !   3       java.util.logging.LogManager::ensureLogManagerInitialized (128 bytes)
Event: 2690.774 Thread 0x00007f99398a3000 nmethod 1900 0x00000001040e7210 code [0x00000001040e73c0, 0x00000001040e7a48]
Event: 2690.774 Thread 0x00007f99398a3000 1901       3       java.util.logging.LogManager::access$100 (4 bytes)
Event: 2690.774 Thread 0x00007f99398a3000 nmethod 1901 0x00000001041a2250 code [0x00000001041a23a0, 0x00000001041a24d0]

GC Heap History (6 events):
Event: 0.714 GC heap before
{Heap before GC invocations=1 (full 0):
 PSYoungGen      total 38400K, used 33280K [0x0000000795580000, 0x0000000798000000, 0x00000007c0000000)
  eden space 33280K, 100% used [0x0000000795580000,0x0000000797600000,0x0000000797600000)
  from space 5120K, 0% used [0x0000000797b00000,0x0000000797b00000,0x0000000798000000)
  to   space 5120K, 0% used [0x0000000797600000,0x0000000797600000,0x0000000797b00000)
 ParOldGen       total 87552K, used 0K [0x0000000740000000, 0x0000000745580000, 0x0000000795580000)
  object space 87552K, 0% used [0x0000000740000000,0x0000000740000000,0x0000000745580000)
 Metaspace       used 15216K, capacity 15430K, committed 15744K, reserved 1062912K
  class space    used 2058K, capacity 2141K, committed 2176K, reserved 1048576K
Event: 0.723 GC heap after
Heap after GC invocations=1 (full 0):
 PSYoungGen      total 38400K, used 5094K [0x0000000795580000, 0x000000079a080000, 0x00000007c0000000)
  eden space 33280K, 0% used [0x0000000795580000,0x0000000795580000,0x0000000797600000)
  from space 5120K, 99% used [0x0000000797600000,0x0000000797af9b90,0x0000000797b00000)
  to   space 5120K, 0% used [0x0000000799b80000,0x0000000799b80000,0x000000079a080000)
 ParOldGen       total 87552K, used 2918K [0x0000000740000000, 0x0000000745580000, 0x0000000795580000)
  object space 87552K, 3% used [0x0000000740000000,0x00000007402d9860,0x0000000745580000)
 Metaspace       used 15216K, capacity 15430K, committed 15744K, reserved 1062912K
  class space    used 2058K, capacity 2141K, committed 2176K, reserved 1048576K
}
Event: 10.159 GC heap before
{Heap before GC invocations=2 (full 0):
 PSYoungGen      total 38400K, used 25321K [0x0000000795580000, 0x000000079a080000, 0x00000007c0000000)
  eden space 33280K, 60% used [0x0000000795580000,0x0000000796940988,0x0000000797600000)
  from space 5120K, 99% used [0x0000000797600000,0x0000000797af9b90,0x0000000797b00000)
  to   space 5120K, 0% used [0x0000000799b80000,0x0000000799b80000,0x000000079a080000)
 ParOldGen       total 87552K, used 2918K [0x0000000740000000, 0x0000000745580000, 0x0000000795580000)
  object space 87552K, 3% used [0x0000000740000000,0x00000007402d9860,0x0000000745580000)
 Metaspace       used 20948K, capacity 21158K, committed 21296K, reserved 1067008K
  class space    used 2862K, capacity 2941K, committed 2944K, reserved 1048576K
Event: 10.169 GC heap after
Heap after GC invocations=2 (full 0):
 PSYoungGen      total 38400K, used 5108K [0x0000000795580000, 0x000000079a080000, 0x00000007c0000000)
  eden space 33280K, 0% used [0x0000000795580000,0x0000000795580000,0x0000000797600000)
  from space 5120K, 99% used [0x0000000799b80000,0x000000079a07d180,0x000000079a080000)
  to   space 5120K, 0% used [0x0000000797600000,0x0000000797600000,0x0000000797b00000)
 ParOldGen       total 87552K, used 5803K [0x0000000740000000, 0x0000000745580000, 0x0000000795580000)
  object space 87552K, 6% used [0x0000000740000000,0x00000007405aace0,0x0000000745580000)
 Metaspace       used 20948K, capacity 21158K, committed 21296K, reserved 1067008K
  class space    used 2862K, capacity 2941K, committed 2944K, reserved 1048576K
}
Event: 10.169 GC heap before
{Heap before GC invocations=3 (full 1):
 PSYoungGen      total 38400K, used 5108K [0x0000000795580000, 0x000000079a080000, 0x00000007c0000000)
  eden space 33280K, 0% used [0x0000000795580000,0x0000000795580000,0x0000000797600000)
  from space 5120K, 99% used [0x0000000799b80000,0x000000079a07d180,0x000000079a080000)
  to   space 5120K, 0% used [0x0000000797600000,0x0000000797600000,0x0000000797b00000)
 ParOldGen       total 87552K, used 5803K [0x0000000740000000, 0x0000000745580000, 0x0000000795580000)
  object space 87552K, 6% used [0x0000000740000000,0x00000007405aace0,0x0000000745580000)
 Metaspace       used 20948K, capacity 21158K, committed 21296K, reserved 1067008K
  class space    used 2862K, capacity 2941K, committed 2944K, reserved 1048576K
Event: 10.192 GC heap after
Heap after GC invocations=3 (full 1):
 PSYoungGen      total 38400K, used 0K [0x0000000795580000, 0x000000079a080000, 0x00000007c0000000)
  eden space 33280K, 0% used [0x0000000795580000,0x0000000795580000,0x0000000797600000)
  from space 5120K, 0% used [0x0000000799b80000,0x0000000799b80000,0x000000079a080000)
  to   space 5120K, 0% used [0x0000000797600000,0x0000000797600000,0x0000000797b00000)
 ParOldGen       total 44032K, used 7705K [0x0000000740000000, 0x0000000742b00000, 0x0000000795580000)
  object space 44032K, 17% used [0x0000000740000000,0x0000000740786508,0x0000000742b00000)
 Metaspace       used 20948K, capacity 21158K, committed 21296K, reserved 1067008K
  class space    used 2862K, capacity 2941K, committed 2944K, reserved 1048576K
}

Deoptimization events (10 events):
Event: 10.127 Thread 0x00007f9939ba9000 Uncommon trap: reason=unstable_if action=reinterpret pc=0x0000000103ec2ad4 method=java.lang.String.startsWith(Ljava/lang/String;I)Z @ 25
Event: 10.233 Thread 0x00007f993aa82000 Uncommon trap: reason=class_check action=maybe_recompile pc=0x00000001040c90a0 method=scala.collection.TraversableLike$$anonfun$filterImpl$1.apply(Ljava/lang/Object;)Ljava/lang/Object; @ 5
Event: 10.233 Thread 0x00007f993aa82000 Uncommon trap: reason=class_check action=maybe_recompile pc=0x00000001040c90a0 method=scala.collection.TraversableLike$$anonfun$filterImpl$1.apply(Ljava/lang/Object;)Ljava/lang/Object; @ 5
Event: 10.413 Thread 0x00007f993aa82000 Uncommon trap: reason=unstable_if action=reinterpret pc=0x0000000104088520 method=java.util.concurrent.ConcurrentHashMap.putVal(Ljava/lang/Object;Ljava/lang/Object;Z)Ljava/lang/Object; @ 181
Event: 10.427 Thread 0x00007f993aa82000 Uncommon trap: reason=bimorphic action=maybe_recompile pc=0x000000010408b8c0 method=java.util.HashMap.putVal(ILjava/lang/Object;Ljava/lang/Object;ZZ)Ljava/lang/Object; @ 203
Event: 10.427 Thread 0x00007f993aa82000 Uncommon trap: reason=bimorphic action=maybe_recompile pc=0x000000010408b8c0 method=java.util.HashMap.putVal(ILjava/lang/Object;Ljava/lang/Object;ZZ)Ljava/lang/Object; @ 203
Event: 10.427 Thread 0x00007f993aa82000 Uncommon trap: reason=bimorphic action=maybe_recompile pc=0x000000010408b8c0 method=java.util.HashMap.putVal(ILjava/lang/Object;Ljava/lang/Object;ZZ)Ljava/lang/Object; @ 203
Event: 10.427 Thread 0x00007f993aa82000 Uncommon trap: reason=bimorphic action=maybe_recompile pc=0x000000010408b8c0 method=java.util.HashMap.putVal(ILjava/lang/Object;Ljava/lang/Object;ZZ)Ljava/lang/Object; @ 203
Event: 10.454 Thread 0x00007f993aa82000 Uncommon trap: reason=unstable_if action=reinterpret pc=0x000000010410d2f4 method=java.util.HashMap.putVal(ILjava/lang/Object;Ljava/lang/Object;ZZ)Ljava/lang/Object; @ 236
Event: 10.538 Thread 0x00007f993aa82000 Uncommon trap: reason=unstable_if action=reinterpret pc=0x000000010402a5a4 method=java.lang.String.regionMatches(ZILjava/lang/String;II)Z @ 123

Internal exceptions (10 events):
Event: 0.553 Thread 0x00007f993a002800 Exception <a 'java/lang/ArrayIndexOutOfBoundsException'> (0x000000079698c888) thrown at [/Users/java_re/workspace/8-2-build-macosx-x86_64/jdk8u71/5731/hotspot/src/share/vm/runtime/sharedRuntime.cpp, line 605]
Event: 0.554 Thread 0x00007f993a002800 Exception <a 'java/lang/ArrayIndexOutOfBoundsException'> (0x000000079698de90) thrown at [/Users/java_re/workspace/8-2-build-macosx-x86_64/jdk8u71/5731/hotspot/src/share/vm/runtime/sharedRuntime.cpp, line 605]
Event: 0.563 Thread 0x00007f993a002800 Exception <a 'java/lang/ArrayIndexOutOfBoundsException'> (0x00000007969b55b0) thrown at [/Users/java_re/workspace/8-2-build-macosx-x86_64/jdk8u71/5731/hotspot/src/share/vm/runtime/sharedRuntime.cpp, line 605]
Event: 0.563 Thread 0x00007f993a002800 Exception <a 'java/lang/ArrayIndexOutOfBoundsException'> (0x00000007969b7240) thrown at [/Users/java_re/workspace/8-2-build-macosx-x86_64/jdk8u71/5731/hotspot/src/share/vm/runtime/sharedRuntime.cpp, line 605]
Event: 0.563 Thread 0x00007f993a002800 Exception <a 'java/lang/ArrayIndexOutOfBoundsException'> (0x00000007969b84a8) thrown at [/Users/java_re/workspace/8-2-build-macosx-x86_64/jdk8u71/5731/hotspot/src/share/vm/runtime/sharedRuntime.cpp, line 605]
Event: 0.572 Thread 0x00007f993a002800 Exception <a 'java/lang/ArrayIndexOutOfBoundsException'> (0x00000007969ddd38) thrown at [/Users/java_re/workspace/8-2-build-macosx-x86_64/jdk8u71/5731/hotspot/src/share/vm/runtime/sharedRuntime.cpp, line 605]
Event: 0.579 Thread 0x00007f993a002800 Exception <a 'java/lang/ArrayIndexOutOfBoundsException'> (0x00000007969edea0) thrown at [/Users/java_re/workspace/8-2-build-macosx-x86_64/jdk8u71/5731/hotspot/src/share/vm/runtime/sharedRuntime.cpp, line 605]
Event: 0.627 Thread 0x00007f993a002800 Exception <a 'java/lang/NoClassDefFoundError': javassist/ClassPath> (0x0000000796ca05c8) thrown at [/Users/java_re/workspace/8-2-build-macosx-x86_64/jdk8u71/5731/hotspot/src/share/vm/classfile/systemDictionary.cpp, line 199]
Event: 0.653 Thread 0x00007f9939b0a800 Exception <a 'java/lang/NoSuchFieldError': method resolution failed> (0x0000000796ebae28) thrown at [/Users/java_re/workspace/8-2-build-macosx-x86_64/jdk8u71/5731/hotspot/src/share/vm/prims/methodHandles.cpp, line 1146]
Event: 0.655 Thread 0x00007f9939b0a800 Exception <a 'java/lang/NoSuchFieldError': method resolution failed> (0x0000000796ec84e8) thrown at [/Users/java_re/workspace/8-2-build-macosx-x86_64/jdk8u71/5731/hotspot/src/share/vm/prims/methodHandles.cpp, line 1146]

Events (10 events):
Event: 2690.772 loading class java/util/IdentityHashMap$KeyIterator
Event: 2690.772 loading class java/util/IdentityHashMap$IdentityHashMapIterator
Event: 2690.773 loading class java/util/IdentityHashMap$IdentityHashMapIterator done
Event: 2690.773 loading class java/util/IdentityHashMap$KeyIterator done
Event: 2690.773 Thread 0x00007f993d819000 Thread added: 0x00007f993d819000
Event: 2690.773 Thread 0x00007f993d81a000 Thread added: 0x00007f993d81a000
Event: 2690.773 loading class io/netty/channel/AbstractChannelHandlerContext$13
Event: 2690.773 loading class io/netty/channel/AbstractChannelHandlerContext$13 done
Event: 2690.773 Thread 0x00007f99398a3000 flushing nmethod 0x00000001041a2250
Event: 2690.773 Thread 0x00007f993d819000 Thread exited: 0x00007f993d819000


Dynamic libraries:
0x0000000002916000 	/System/Library/Frameworks/Cocoa.framework/Versions/A/Cocoa
0x0000000002916000 	/System/Library/Frameworks/Security.framework/Versions/A/Security
0x0000000002916000 	/System/Library/Frameworks/ApplicationServices.framework/Versions/A/ApplicationServices
0x0000000002916000 	/usr/lib/libz.1.dylib
0x0000000002916000 	/usr/lib/libSystem.B.dylib
0x0000000002916000 	/usr/lib/libobjc.A.dylib
0x0000000002916000 	/System/Library/Frameworks/CoreFoundation.framework/Versions/A/CoreFoundation
0x0000000002916000 	/System/Library/Frameworks/Foundation.framework/Versions/C/Foundation
0x0000000002916000 	/System/Library/Frameworks/AppKit.framework/Versions/C/AppKit
0x0000000002916000 	/System/Library/Frameworks/CoreData.framework/Versions/A/CoreData
0x0000000002916000 	/System/Library/PrivateFrameworks/RemoteViewServices.framework/Versions/A/RemoteViewServices
0x0000000002916000 	/System/Library/PrivateFrameworks/UIFoundation.framework/Versions/A/UIFoundation
0x0000000002916000 	/usr/lib/libScreenReader.dylib
0x0000000002916000 	/System/Library/Frameworks/Accelerate.framework/Versions/A/Accelerate
0x0000000002916000 	/System/Library/Frameworks/IOSurface.framework/Versions/A/IOSurface
0x0000000002916000 	/System/Library/Frameworks/AudioToolbox.framework/Versions/A/AudioToolbox
0x0000000002916000 	/System/Library/Frameworks/AudioUnit.framework/Versions/A/AudioUnit
0x0000000002916000 	/System/Library/PrivateFrameworks/DataDetectorsCore.framework/Versions/A/DataDetectorsCore
0x0000000002916000 	/System/Library/PrivateFrameworks/DesktopServicesPriv.framework/Versions/A/DesktopServicesPriv
0x0000000002916000 	/System/Library/Frameworks/Carbon.framework/Versions/A/Frameworks/HIToolbox.framework/Versions/A/HIToolbox
0x0000000002916000 	/System/Library/Frameworks/QuartzCore.framework/Versions/A/QuartzCore
0x0000000002916000 	/System/Library/Frameworks/Carbon.framework/Versions/A/Frameworks/SpeechRecognition.framework/Versions/A/SpeechRecognition
0x0000000002916000 	/usr/lib/libauto.dylib
0x0000000002916000 	/usr/lib/libicucore.A.dylib
0x0000000002916000 	/usr/lib/libxml2.2.dylib
0x0000000002916000 	/System/Library/PrivateFrameworks/CoreUI.framework/Versions/A/CoreUI
0x0000000002916000 	/System/Library/Frameworks/CoreAudio.framework/Versions/A/CoreAudio
0x0000000002916000 	/System/Library/Frameworks/DiskArbitration.framework/Versions/A/DiskArbitration
0x0000000002916000 	/usr/lib/liblangid.dylib
0x0000000002916000 	/System/Library/PrivateFrameworks/MultitouchSupport.framework/Versions/A/MultitouchSupport
0x0000000002916000 	/System/Library/Frameworks/IOKit.framework/Versions/A/IOKit
0x0000000002916000 	/usr/lib/libDiagnosticMessagesClient.dylib
0x0000000002916000 	/System/Library/Frameworks/CoreServices.framework/Versions/A/CoreServices
0x0000000002916000 	/System/Library/PrivateFrameworks/PerformanceAnalysis.framework/Versions/A/PerformanceAnalysis
0x0000000002916000 	/System/Library/PrivateFrameworks/GenerationalStorage.framework/Versions/A/GenerationalStorage
0x0000000002916000 	/System/Library/Frameworks/OpenGL.framework/Versions/A/OpenGL
0x0000000002916000 	/System/Library/PrivateFrameworks/Sharing.framework/Versions/A/Sharing
0x0000000002916000 	/System/Library/Frameworks/CoreGraphics.framework/Versions/A/CoreGraphics
0x0000000002916000 	/System/Library/Frameworks/CoreImage.framework/Versions/A/CoreImage
0x0000000002916000 	/System/Library/Frameworks/CoreText.framework/Versions/A/CoreText
0x0000000002916000 	/System/Library/Frameworks/ImageIO.framework/Versions/A/ImageIO
0x0000000002916000 	/System/Library/PrivateFrameworks/Backup.framework/Versions/A/Backup
0x0000000002916000 	/usr/lib/libextension.dylib
0x0000000002916000 	/usr/lib/libarchive.2.dylib
0x0000000002916000 	/System/Library/Frameworks/CFNetwork.framework/Versions/A/CFNetwork
0x0000000002916000 	/System/Library/Frameworks/SystemConfiguration.framework/Versions/A/SystemConfiguration
0x0000000002916000 	/usr/lib/libCRFSuite.dylib
0x0000000002916000 	/usr/lib/libc++.1.dylib
0x0000000002916000 	/usr/lib/libc++abi.dylib
0x0000000002916000 	/usr/lib/system/libcache.dylib
0x0000000002916000 	/usr/lib/system/libcommonCrypto.dylib
0x0000000002916000 	/usr/lib/system/libcompiler_rt.dylib
0x0000000002916000 	/usr/lib/system/libcopyfile.dylib
0x0000000002916000 	/usr/lib/system/libcorecrypto.dylib
0x0000000002916000 	/usr/lib/system/libdispatch.dylib
0x0000000002916000 	/usr/lib/system/libdyld.dylib
0x0000000002916000 	/usr/lib/system/libkeymgr.dylib
0x0000000002916000 	/usr/lib/system/liblaunch.dylib
0x0000000002916000 	/usr/lib/system/libmacho.dylib
0x0000000002916000 	/usr/lib/system/libquarantine.dylib
0x0000000002916000 	/usr/lib/system/libremovefile.dylib
0x0000000002916000 	/usr/lib/system/libsystem_asl.dylib
0x0000000002916000 	/usr/lib/system/libsystem_blocks.dylib
0x0000000002916000 	/usr/lib/system/libsystem_c.dylib
0x0000000002916000 	/usr/lib/system/libsystem_configuration.dylib
0x0000000002916000 	/usr/lib/system/libsystem_coreservices.dylib
0x0000000002916000 	/usr/lib/system/libsystem_coretls.dylib
0x0000000002916000 	/usr/lib/system/libsystem_dnssd.dylib
0x0000000002916000 	/usr/lib/system/libsystem_info.dylib
0x0000000002916000 	/usr/lib/system/libsystem_kernel.dylib
0x0000000002916000 	/usr/lib/system/libsystem_m.dylib
0x0000000002916000 	/usr/lib/system/libsystem_malloc.dylib
0x0000000002916000 	/usr/lib/system/libsystem_network.dylib
0x0000000002916000 	/usr/lib/system/libsystem_networkextension.dylib
0x0000000002916000 	/usr/lib/system/libsystem_notify.dylib
0x0000000002916000 	/usr/lib/system/libsystem_platform.dylib
0x0000000002916000 	/usr/lib/system/libsystem_pthread.dylib
0x0000000002916000 	/usr/lib/system/libsystem_sandbox.dylib
0x0000000002916000 	/usr/lib/system/libsystem_secinit.dylib
0x0000000002916000 	/usr/lib/system/libsystem_trace.dylib
0x0000000002916000 	/usr/lib/system/libunc.dylib
0x0000000002916000 	/usr/lib/system/libunwind.dylib
0x0000000002916000 	/usr/lib/system/libxpc.dylib
0x0000000002916000 	/usr/lib/libenergytrace.dylib
0x0000000002916000 	/usr/lib/libbsm.0.dylib
0x0000000002916000 	/usr/lib/system/libkxld.dylib
0x0000000002916000 	/usr/lib/libxar.1.dylib
0x0000000002916000 	/usr/lib/libsqlite3.dylib
0x0000000002916000 	/usr/lib/libpam.2.dylib
0x0000000002916000 	/usr/lib/libOpenScriptingUtil.dylib
0x0000000002916000 	/usr/lib/libbz2.1.0.dylib
0x0000000002916000 	/usr/lib/liblzma.5.dylib
0x0000000002916000 	/System/Library/Frameworks/CoreServices.framework/Versions/A/Frameworks/FSEvents.framework/Versions/A/FSEvents
0x0000000002916000 	/System/Library/Frameworks/CoreServices.framework/Versions/A/Frameworks/CarbonCore.framework/Versions/A/CarbonCore
0x0000000002916000 	/System/Library/Frameworks/CoreServices.framework/Versions/A/Frameworks/Metadata.framework/Versions/A/Metadata
0x0000000002916000 	/System/Library/Frameworks/CoreServices.framework/Versions/A/Frameworks/OSServices.framework/Versions/A/OSServices
0x0000000002916000 	/System/Library/Frameworks/CoreServices.framework/Versions/A/Frameworks/SearchKit.framework/Versions/A/SearchKit
0x0000000002916000 	/System/Library/Frameworks/CoreServices.framework/Versions/A/Frameworks/AE.framework/Versions/A/AE
0x0000000002916000 	/System/Library/Frameworks/CoreServices.framework/Versions/A/Frameworks/LaunchServices.framework/Versions/A/LaunchServices
0x0000000002916000 	/System/Library/Frameworks/CoreServices.framework/Versions/A/Frameworks/DictionaryServices.framework/Versions/A/DictionaryServices
0x0000000002916000 	/System/Library/Frameworks/CoreServices.framework/Versions/A/Frameworks/SharedFileList.framework/Versions/A/SharedFileList
0x0000000002916000 	/System/Library/Frameworks/NetFS.framework/Versions/A/NetFS
0x0000000002916000 	/System/Library/PrivateFrameworks/NetAuth.framework/Versions/A/NetAuth
0x0000000002916000 	/System/Library/PrivateFrameworks/login.framework/Versions/A/Frameworks/loginsupport.framework/Versions/A/loginsupport
0x0000000002916000 	/System/Library/PrivateFrameworks/TCC.framework/Versions/A/TCC
0x0000000002916000 	/usr/lib/libmecabra.dylib
0x0000000002916000 	/System/Library/Frameworks/ApplicationServices.framework/Versions/A/Frameworks/ATS.framework/Versions/A/ATS
0x0000000002916000 	/System/Library/Frameworks/ApplicationServices.framework/Versions/A/Frameworks/ColorSync.framework/Versions/A/ColorSync
0x0000000002916000 	/System/Library/Frameworks/ApplicationServices.framework/Versions/A/Frameworks/HIServices.framework/Versions/A/HIServices
0x0000000002916000 	/System/Library/Frameworks/ApplicationServices.framework/Versions/A/Frameworks/LangAnalysis.framework/Versions/A/LangAnalysis
0x0000000002916000 	/System/Library/Frameworks/ApplicationServices.framework/Versions/A/Frameworks/PrintCore.framework/Versions/A/PrintCore
0x0000000002916000 	/System/Library/Frameworks/ApplicationServices.framework/Versions/A/Frameworks/QD.framework/Versions/A/QD
0x0000000002916000 	/System/Library/Frameworks/ApplicationServices.framework/Versions/A/Frameworks/SpeechSynthesis.framework/Versions/A/SpeechSynthesis
0x0000000002916000 	/System/Library/Frameworks/Metal.framework/Versions/A/Metal
0x0000000002916000 	/System/Library/Frameworks/Accelerate.framework/Versions/A/Frameworks/vImage.framework/Versions/A/vImage
0x0000000002916000 	/System/Library/Frameworks/Accelerate.framework/Versions/A/Frameworks/vecLib.framework/Versions/A/vecLib
0x0000000002916000 	/System/Library/Frameworks/Accelerate.framework/Versions/A/Frameworks/vecLib.framework/Versions/A/libvDSP.dylib
0x0000000002916000 	/System/Library/Frameworks/Accelerate.framework/Versions/A/Frameworks/vecLib.framework/Versions/A/libvMisc.dylib
0x0000000002916000 	/System/Library/Frameworks/Accelerate.framework/Versions/A/Frameworks/vecLib.framework/Versions/A/libLAPACK.dylib
0x0000000002916000 	/System/Library/Frameworks/Accelerate.framework/Versions/A/Frameworks/vecLib.framework/Versions/A/libBLAS.dylib
0x0000000002916000 	/System/Library/Frameworks/Accelerate.framework/Versions/A/Frameworks/vecLib.framework/Versions/A/libLinearAlgebra.dylib
0x0000000002916000 	/System/Library/Frameworks/Accelerate.framework/Versions/A/Frameworks/vecLib.framework/Versions/A/libSparseBLAS.dylib
0x0000000002916000 	/System/Library/PrivateFrameworks/GPUCompiler.framework/libmetal_timestamp.dylib
0x0000000002916000 	/System/Library/Frameworks/OpenGL.framework/Versions/A/Libraries/libCoreFSCache.dylib
0x0000000002916000 	/System/Library/PrivateFrameworks/IOAccelerator.framework/Versions/A/IOAccelerator
0x0000000002916000 	/System/Library/Frameworks/ApplicationServices.framework/Versions/A/Frameworks/ATS.framework/Versions/A/Resources/libFontParser.dylib
0x0000000002916000 	/System/Library/Frameworks/ApplicationServices.framework/Versions/A/Frameworks/ATS.framework/Versions/A/Resources/libFontRegistry.dylib
0x0000000002916000 	/System/Library/PrivateFrameworks/AppleVPA.framework/Versions/A/AppleVPA
0x0000000002916000 	/System/Library/PrivateFrameworks/AppleJPEG.framework/Versions/A/AppleJPEG
0x0000000002916000 	/System/Library/Frameworks/ImageIO.framework/Versions/A/Resources/libJPEG.dylib
0x0000000002916000 	/System/Library/Frameworks/ImageIO.framework/Versions/A/Resources/libTIFF.dylib
0x0000000002916000 	/System/Library/Frameworks/ImageIO.framework/Versions/A/Resources/libPng.dylib
0x0000000002916000 	/System/Library/Frameworks/ImageIO.framework/Versions/A/Resources/libGIF.dylib
0x0000000002916000 	/System/Library/Frameworks/ImageIO.framework/Versions/A/Resources/libJP2.dylib
0x0000000002916000 	/System/Library/Frameworks/ImageIO.framework/Versions/A/Resources/libRadiance.dylib
0x0000000002916000 	/System/Library/Frameworks/CoreVideo.framework/Versions/A/CoreVideo
0x0000000002916000 	/System/Library/Frameworks/OpenGL.framework/Versions/A/Libraries/libGLU.dylib
0x0000000002916000 	/System/Library/Frameworks/OpenGL.framework/Versions/A/Libraries/libGFXShared.dylib
0x0000000002916000 	/System/Library/Frameworks/OpenGL.framework/Versions/A/Libraries/libGL.dylib
0x0000000002916000 	/System/Library/Frameworks/OpenGL.framework/Versions/A/Libraries/libGLImage.dylib
0x0000000002916000 	/System/Library/Frameworks/OpenGL.framework/Versions/A/Libraries/libCVMSPluginSupport.dylib
0x0000000002916000 	/System/Library/Frameworks/OpenGL.framework/Versions/A/Libraries/libCoreVMClient.dylib
0x0000000002916000 	/usr/lib/libcompression.dylib
0x0000000002916000 	/usr/lib/libcups.2.dylib
0x0000000002916000 	/System/Library/Frameworks/Kerberos.framework/Versions/A/Kerberos
0x0000000002916000 	/System/Library/Frameworks/GSS.framework/Versions/A/GSS
0x0000000002916000 	/usr/lib/libresolv.9.dylib
0x0000000002916000 	/usr/lib/libiconv.2.dylib
0x0000000002916000 	/System/Library/PrivateFrameworks/Heimdal.framework/Versions/A/Heimdal
0x0000000002916000 	/usr/lib/libheimdal-asn1.dylib
0x0000000002916000 	/System/Library/Frameworks/OpenDirectory.framework/Versions/A/OpenDirectory
0x0000000002916000 	/System/Library/PrivateFrameworks/CommonAuth.framework/Versions/A/CommonAuth
0x0000000002916000 	/System/Library/Frameworks/OpenDirectory.framework/Versions/A/Frameworks/CFOpenDirectory.framework/Versions/A/CFOpenDirectory
0x0000000002916000 	/System/Library/Frameworks/SecurityFoundation.framework/Versions/A/SecurityFoundation
0x0000000002916000 	/System/Library/PrivateFrameworks/LanguageModeling.framework/Versions/A/LanguageModeling
0x0000000002916000 	/usr/lib/libmarisa.dylib
0x0000000002916000 	/usr/lib/libChineseTokenizer.dylib
0x0000000002916000 	/usr/lib/libcmph.dylib
0x0000000002916000 	/System/Library/Frameworks/ServiceManagement.framework/Versions/A/ServiceManagement
0x0000000002916000 	/usr/lib/libxslt.1.dylib
0x0000000002916000 	/System/Library/Frameworks/Carbon.framework/Versions/A/Frameworks/Ink.framework/Versions/A/Ink
0x0000000002916000 	/usr/lib/libFosl_dynamic.dylib
0x0000000002916000 	/System/Library/PrivateFrameworks/FaceCore.framework/Versions/A/FaceCore
0x0000000002916000 	/System/Library/Frameworks/OpenCL.framework/Versions/A/OpenCL
0x0000000002916000 	/System/Library/PrivateFrameworks/CrashReporterSupport.framework/Versions/A/CrashReporterSupport
0x0000000002916000 	/System/Library/PrivateFrameworks/IconServices.framework/Versions/A/IconServices
0x0000000002916000 	/System/Library/PrivateFrameworks/Apple80211.framework/Versions/A/Apple80211
0x0000000002916000 	/System/Library/Frameworks/CoreWLAN.framework/Versions/A/CoreWLAN
0x0000000002916000 	/System/Library/Frameworks/IOBluetooth.framework/Versions/A/IOBluetooth
0x0000000002916000 	/System/Library/PrivateFrameworks/CoreWiFi.framework/Versions/A/CoreWiFi
0x0000000002916000 	/System/Library/Frameworks/CoreBluetooth.framework/Versions/A/CoreBluetooth
0x0000000002916000 	/System/Library/PrivateFrameworks/ChunkingLibrary.framework/Versions/A/ChunkingLibrary
0x0000000002916000 	/System/Library/PrivateFrameworks/DebugSymbols.framework/Versions/A/DebugSymbols
0x0000000002916000 	/System/Library/PrivateFrameworks/CoreSymbolication.framework/Versions/A/CoreSymbolication
0x0000000002916000 	/System/Library/PrivateFrameworks/Symbolication.framework/Versions/A/Symbolication
0x0000000002916000 	/System/Library/PrivateFrameworks/SpeechRecognitionCore.framework/Versions/A/SpeechRecognitionCore
0x000000010247d000 	/System/Library/CoreServices/Encodings/libSimplifiedChineseConverter.dylib
0x0000000102e00000 	/Library/Java/JavaVirtualMachines/jdk1.8.0_71.jdk/Contents/Home/jre/lib/server/libjvm.dylib
0x0000000002916000 	/usr/lib/libstdc++.6.dylib
0x00000001024f7000 	/Library/Java/JavaVirtualMachines/jdk1.8.0_71.jdk/Contents/Home/jre/lib/libverify.dylib
0x0000000102505000 	/Library/Java/JavaVirtualMachines/jdk1.8.0_71.jdk/Contents/Home/jre/lib/libjava.dylib
0x0000000102544000 	/Library/Java/JavaVirtualMachines/jdk1.8.0_71.jdk/Contents/Home/jre/lib/libzip.dylib
0x0000000119626000 	/System/Library/Frameworks/JavaVM.framework/Frameworks/JavaRuntimeSupport.framework/JavaRuntimeSupport
0x0000000119641000 	/System/Library/Frameworks/JavaVM.framework/Versions/A/Frameworks/JavaNativeFoundation.framework/Versions/A/JavaNativeFoundation
0x00000001025f0000 	/System/Library/Frameworks/JavaVM.framework/Versions/A/JavaVM
0x0000000002916000 	/System/Library/Frameworks/Carbon.framework/Versions/A/Carbon
0x0000000119656000 	/System/Library/PrivateFrameworks/JavaLaunching.framework/Versions/A/JavaLaunching
0x0000000002916000 	/System/Library/Frameworks/Carbon.framework/Versions/A/Frameworks/CommonPanels.framework/Versions/A/CommonPanels
0x0000000002916000 	/System/Library/Frameworks/Carbon.framework/Versions/A/Frameworks/Help.framework/Versions/A/Help
0x0000000002916000 	/System/Library/Frameworks/Carbon.framework/Versions/A/Frameworks/ImageCapture.framework/Versions/A/ImageCapture
0x0000000002916000 	/System/Library/Frameworks/Carbon.framework/Versions/A/Frameworks/OpenScripting.framework/Versions/A/OpenScripting
0x0000000002916000 	/System/Library/Frameworks/Carbon.framework/Versions/A/Frameworks/Print.framework/Versions/A/Print
0x0000000002916000 	/System/Library/Frameworks/Carbon.framework/Versions/A/Frameworks/SecurityHI.framework/Versions/A/SecurityHI
0x000000011af79000 	/Library/Java/JavaVirtualMachines/jdk1.8.0_71.jdk/Contents/Home/jre/lib/libnet.dylib
0x000000011b107000 	/Library/Java/JavaVirtualMachines/jdk1.8.0_71.jdk/Contents/Home/jre/lib/libmanagement.dylib
0x000000011b115000 	/Library/Java/JavaVirtualMachines/jdk1.8.0_71.jdk/Contents/Home/jre/lib/libnio.dylib
0x000000011b0b2000 	/Library/Java/JavaVirtualMachines/jdk1.8.0_71.jdk/Contents/Home/jre/lib/libsunec.dylib

VM Arguments:
java_command: ./target/echo-captain-1.0.jar
java_class_path (initial): ./target/echo-captain-1.0.jar
Launcher Type: SUN_STANDARD

Environment Variables:
PATH=/Users/rk/.nvm/versions/node/v4.2.3/bin:/usr/local/bin:/usr/bin:/bin:/usr/sbin:/sbin:/usr/local/bin:/Applications/CMake.app/Contents/bin/
SHELL=/bin/zsh

Signal Handlers:
SIGSEGV: [libjvm.dylib+0x5a68c5], sa_mask[0]=11111111011111110111111111111111, sa_flags=SA_ONSTACK|SA_RESTART|SA_SIGINFO
SIGBUS: [libjvm.dylib+0x5a68c5], sa_mask[0]=11111111011111110111111111111111, sa_flags=SA_RESTART|SA_SIGINFO
SIGFPE: [libjvm.dylib+0x4805d4], sa_mask[0]=11111111011111110111111111111111, sa_flags=SA_RESTART|SA_SIGINFO
SIGPIPE: [libjvm.dylib+0x4805d4], sa_mask[0]=11111111011111110111111111111111, sa_flags=SA_RESTART|SA_SIGINFO
SIGXFSZ: [libjvm.dylib+0x4805d4], sa_mask[0]=11111111011111110111111111111111, sa_flags=SA_RESTART|SA_SIGINFO
SIGILL: [libjvm.dylib+0x4805d4], sa_mask[0]=11111111011111110111111111111111, sa_flags=SA_RESTART|SA_SIGINFO
SIGUSR1: SIG_DFL, sa_mask[0]=00000000000000000000000000000000, sa_flags=SA_RESTART
SIGUSR2: [libjvm.dylib+0x4800f2], sa_mask[0]=00000000000000000000000000000000, sa_flags=SA_RESTART|SA_SIGINFO
SIGHUP: [libjvm.dylib+0x47e6c9], sa_mask[0]=11111111011111110111111111111111, sa_flags=SA_RESTART|SA_SIGINFO
SIGINT: [libjvm.dylib+0x47e6c9], sa_mask[0]=11111111011111110111111111111111, sa_flags=SA_RESTART|SA_SIGINFO
SIGTERM: [libjvm.dylib+0x47e6c9], sa_mask[0]=11111111011111110111111111111111, sa_flags=SA_RESTART|SA_SIGINFO
SIGQUIT: [libjvm.dylib+0x47e6c9], sa_mask[0]=11111111011111110111111111111111, sa_flags=SA_RESTART|SA_SIGINFO


---------------  S Y S T E M  ---------------

OS:Bsduname:Darwin 15.6.0 Darwin Kernel Version 15.6.0: Mon Aug 29 20:21:34 PDT 2016; root:xnu-3248.60.11~1/RELEASE_X86_64 x86_64
rlimit: STACK 8192k, CORE 0k, NPROC 709, NOFILE 10240, AS infinity
load average:2.20 2.04 1.99

CPU:total 4 (2 cores per cpu, 2 threads per core) family 6 model 58 stepping 9, cmov, cx8, fxsr, mmx, sse, sse2, sse3, ssse3, sse4.1, sse4.2, popcnt, avx, aes, clmul, erms, ht, tsc, tscinvbit, tscinv

Memory: 4k page, physical 8388608k(33420k free)

/proc/meminfo:


vm_info: Java HotSpot(TM) 64-Bit Server VM (25.71-b15) for bsd-amd64 JRE (1.8.0_71-b15), built on Dec 22 2015 15:11:44 by "java_re" with gcc 4.2.1 (Based on Apple Inc. build 5658) (LLVM build 2336.11.00)

time: Tue Sep 13 16:44:17 2016
elapsed time: 2690 seconds (0d 0h 44m 50s)

