#
# A fatal error has been detected by the Java Runtime Environment:
#
#  SIGBUS (0xa) at pc=0x00000001037e9eb9, pid=32489, tid=3335
#
# JRE version: Java(TM) SE Runtime Environment (8.0_71-b15) (build 1.8.0_71-b15)
# Java VM: Java HotSpot(TM) 64-Bit Server VM (25.71-b15 mixed mode bsd-amd64 compressed oops)
# Problematic frame:
# C  [libzip.dylib+0x2eb9]  newEntry+0x154
#
# Failed to write core dump. Core dumps have been disabled. To enable core dumping, try "ulimit -c unlimited" before starting Java again
#
# If you would like to submit a bug report, please visit:
#   http://bugreport.java.com/bugreport/crash.jsp
# The crash happened outside the Java Virtual Machine in native code.
# See problematic frame for where to report the bug.
#

---------------  T H R E A D  ---------------

Current thread (0x00007f89c1008800):  JavaThread "main" [_thread_in_native, id=3335, stack(0x000070000011a000,0x000070000021a000)]

siginfo: si_signo: 10 (SIGBUS), si_code: 2 (BUS_ADRERR), si_addr: 0x0000000118dd3fdc

Registers:
RAX=0x00007f89c07237f0, RBX=0x0000000118dd3fd0, RCX=0x0000000000000600, RDX=0x0000000000000000
RSP=0x0000700000212be0, RBP=0x0000700000212c40, RSI=0x00007f89c4000000, RDI=0x0000000103524a00
R8 =0x0000000000000004, R9 =0x00000000fff00000, R10=0x0000000040b84b8c, R11=0x00007f89c4000000
R12=0x0000000118335000, R13=0x00000000000158e0, R14=0x00000000f916ffca, R15=0x00007f89c420e8b0
RIP=0x00000001037e9eb9, EFLAGS=0x0000000000010202, ERR=0x0000000000000004
  TRAPNO=0x000000000000000e

Top of Stack: (sp=0x0000700000212be0)
0x0000700000212be0:   00000007bbc2cd00 000000000523bc94
0x0000700000212bf0:   00000007bbcc8660 000000010667439c
0x0000700000212c00:   0000700000212c20 00007f89c07237f0
0x0000700000212c10:   00007f89c4061ef0 00007f89c07237f0
0x0000700000212c20:   0000000118335000 00000000000158e0
0x0000700000212c30:   00000000f916ffca 00007f89c420e8b0
0x0000700000212c40:   0000700000212ca0 00000001037ea554
0x0000700000212c50:   0000700000212cd6 0000700000212cd5
0x0000700000212c60:   0000001600000000 0000001700008800
0x0000700000212c70:   0000700000212cbe 0000700000213108
0x0000700000212c80:   0000000000000017 0000700000212cbe
0x0000700000212c90:   00007f89c07237f0 00007f89c10089f8
0x0000700000212ca0:   00007000002130f0 00000001037e934f
0x0000700000212cb0:   0000000000000002 6373000100000000
0x0000700000212cc0:   6e7973612f616c61 2e636e7973412f63
0x0000700000212cd0:   0000007373616c63 0000000105ceedf9
0x0000700000212ce0:   00000007bc684c68 00000022bcf13210
0x0000700000212cf0:   00000007bcf13240 00000007f79e27e7
0x0000700000212d00:   00000007bbcc86d8 00000001052a14d4
0x0000700000212d10:   0000700000212d20 00000001044828eb
0x0000700000212d20:   00000007bbcc86d8 0000000106071e7c
0x0000700000212d30:   00000007c00798d8 00000007bbcc8600
0x0000700000212d40:   00000007bbcc86d8 00000007bbcc8660
0x0000700000212d50:   00000000f78d0993 0000000105e313ec
0x0000700000212d60:   00000007f77297d6 00000007bc684c98
0x0000700000212d70:   00000007bc684c98 00000007bcf132c0
0x0000700000212d80:   00000007bb94beb0 00000007bcf131c8
0x0000700000212d90:   00000007f78d0993 00000007bbf0a9c0
0x0000700000212da0:   00000007bc6bb0a0 00000000f79cdd88
0x0000700000212db0:   00000007b1a750a0 0000000105c190e4
0x0000700000212dc0:   00000007bbbec958 00000007bbbdd178
0x0000700000212dd0:   00000000f7777ecf 0000000105fc1bdc 

Instructions: (pc=0x00000001037e9eb9)
0x00000001037e9e99:   49 8b 7f 38 e8 50 1b 00 00 4d 89 77 38 49 89 5f
0x00000001037e9ea9:   40 4c 89 f0 48 85 c0 0f 84 11 05 00 00 48 89 c3
0x00000001037e9eb9:   0f b6 43 0c 0f b6 4b 0d 48 c1 e1 08 48 01 c1 0f
0x00000001037e9ec9:   b6 43 0e 0f b6 53 0f 48 c1 e2 08 48 01 c2 48 c1 

Register to memory mapping:

RAX=0x00007f89c07237f0 is an unknown value
RBX=0x0000000118dd3fd0 is an unknown value
RCX=0x0000000000000600 is an unknown value
RDX=0x0000000000000000 is an unknown value
RSP=0x0000700000212be0 is pointing into the stack for thread: 0x00007f89c1008800
RBP=0x0000700000212c40 is pointing into the stack for thread: 0x00007f89c1008800
RSI=0x00007f89c4000000 is an unknown value
RDI=0x0000000103524a00 is an unknown value
R8 =0x0000000000000004 is an unknown value
R9 =0x00000000fff00000 is an unknown value
R10=0x0000000040b84b8c is an unknown value
R11=0x00007f89c4000000 is an unknown value
R12=0x0000000118335000 is an unknown value
R13=0x00000000000158e0 is an unknown value
R14=0x00000000f916ffca is an unknown value
R15=0x00007f89c420e8b0 is an unknown value


Stack: [0x000070000011a000,0x000070000021a000],  sp=0x0000700000212be0,  free space=994k
Native frames: (J=compiled Java code, j=interpreted, Vv=VM code, C=native code)
C  [libzip.dylib+0x2eb9]  newEntry+0x154
C  [libzip.dylib+0x3554]  ZIP_GetEntry2+0xd4
C  [libzip.dylib+0x234f]  Java_java_util_zip_ZipFile_getEntry+0xcf
J 3640  java.util.zip.ZipFile.getEntry(J[BZ)J (0 bytes) @ 0x00000001057c690e [0x00000001057c6840+0xce]
J 14423 C2 java.util.zip.ZipFile.getInputStream(Ljava/util/zip/ZipEntry;)Ljava/io/InputStream; (304 bytes) @ 0x00000001071892d0 [0x0000000107188f80+0x350]
J 12221 C1 scala.reflect.io.FileZipArchive$FileEntry$1.input()Ljava/io/InputStream; (12 bytes) @ 0x000000010680f73c [0x000000010680f600+0x13c]
J 12216 C1 scala.reflect.io.AbstractFile.toByteArray()[B (167 bytes) @ 0x0000000106816194 [0x0000000106816080+0x114]
J 12268 C1 scala.tools.nsc.symtab.classfile.ClassfileParser.parse(Lscala/reflect/io/AbstractFile;Lscala/reflect/internal/Symbols$Symbol;)V (376 bytes) @ 0x0000000106be5de4 [0x0000000106be4920+0x14c4]
J 12215 C1 scala.tools.nsc.symtab.SymbolLoaders$ClassfileLoader.doComplete(Lscala/reflect/internal/Symbols$Symbol;)V (206 bytes) @ 0x000000010546c6cc [0x000000010546b180+0x154c]
J 12383 C2 scala.tools.nsc.symtab.SymbolLoaders$SymbolLoader.complete(Lscala/reflect/internal/Symbols$Symbol;)V (172 bytes) @ 0x00000001060716ac [0x0000000106071600+0xac]
J 14713 C2 scala.tools.nsc.typechecker.Typers$Typer.typedSelectInternal$1(Lscala/reflect/internal/Trees$Tree;Lscala/reflect/internal/Trees$Tree;Lscala/reflect/internal/Names$Name;Lscala/reflect/internal/Trees$Tree;ILscala/reflect/internal/Types$Type;)Lscala/reflect/internal/Trees$Tree; (1044 bytes) @ 0x000000010723a16c [0x0000000107239f60+0x20c]
J 14715 C2 scala.tools.nsc.typechecker.Typers$Typer.scala$tools$nsc$typechecker$Typers$Typer$$typedSelect$1(Lscala/reflect/internal/Trees$Tree;Lscala/reflect/internal/Trees$Tree;Lscala/reflect/internal/Names$Name;Lscala/reflect/internal/Trees$Tree;ILscala/reflect/internal/Types$Type;)Lscala/reflect/internal/Trees$Tree; (289 bytes) @ 0x0000000107240ec0 [0x0000000107240e80+0x40]
J 13523 C1 scala.tools.nsc.typechecker.Typers$Typer.typedSelectOrSuperCall$1(Lscala/reflect/internal/Trees$Select;Lscala/reflect/internal/Trees$Tree;ILscala/reflect/internal/Types$Type;)Lscala/reflect/internal/Trees$Tree; (516 bytes) @ 0x0000000106c3fccc [0x0000000106c3ca40+0x328c]
J 11396 C2 scala.tools.nsc.typechecker.Typers$Typer.typedInAnyMode$1(Lscala/reflect/internal/Trees$Tree;Lscala/reflect/internal/Trees$Tree;ILscala/reflect/internal/Types$Type;Lscala/runtime/VolatileObjectRef;)Lscala/reflect/internal/Trees$Tree; (302 bytes) @ 0x00000001069b1138 [0x00000001069b0f80+0x1b8]
J 12930 C2 scala.tools.nsc.typechecker.Typers$Typer.typed1(Lscala/reflect/internal/Trees$Tree;ILscala/reflect/internal/Types$Type;)Lscala/reflect/internal/Trees$Tree; (114 bytes) @ 0x0000000106da87cc [0x0000000106da85e0+0x1ec]
J 13383 C2 scala.tools.nsc.typechecker.Typers$Typer.runTyper$1(Lscala/reflect/internal/Trees$Tree;ILscala/reflect/internal/Types$Type;)Lscala/reflect/internal/Trees$Tree; (294 bytes) @ 0x0000000105b93334 [0x0000000105b931c0+0x174]
J 13610 C2 scala.tools.nsc.typechecker.Typers$Typer.scala$tools$nsc$typechecker$Typers$Typer$$typedInternal(Lscala/reflect/internal/Trees$Tree;ILscala/reflect/internal/Types$Type;)Lscala/reflect/internal/Trees$Tree; (470 bytes) @ 0x00000001053767b8 [0x0000000105376740+0x78]
J 10691 C2 scala.tools.nsc.typechecker.Typers$Typer.typed(Lscala/reflect/internal/Trees$Tree;ILscala/reflect/internal/Types$Type;)Lscala/reflect/internal/Trees$Tree; (227 bytes) @ 0x000000010673ae30 [0x000000010673ad80+0xb0]
J 10497 C1 scala.tools.nsc.typechecker.Namers$Namer.importSig(Lscala/reflect/internal/Trees$Import;)Lscala/reflect/internal/Types$Type; (242 bytes) @ 0x000000010646a7fc [0x000000010646a620+0x1dc]
J 12977 C1 scala.tools.nsc.typechecker.Namers$Namer.getSig$1(Lscala/reflect/internal/Trees$Tree;)Lscala/reflect/internal/Types$Type; (169 bytes) @ 0x0000000106dd08cc [0x0000000106dd0080+0x84c]
J 8583 C1 scala.tools.nsc.typechecker.Namers$Namer.typeSig(Lscala/reflect/internal/Trees$Tree;)Lscala/reflect/internal/Types$Type; (88 bytes) @ 0x00000001052c682c [0x00000001052c64e0+0x34c]
J 7798 C1 scala.tools.nsc.typechecker.Namers$Namer$$anonfun$monoTypeCompleter$1$$anonfun$apply$1.apply$mcV$sp()V (266 bytes) @ 0x00000001054f739c [0x00000001054f7280+0x11c]
J 7796 C1 scala.tools.nsc.typechecker.Namers$Namer$$anonfun$monoTypeCompleter$1$$anonfun$apply$1.apply()Ljava/lang/Object; (8 bytes) @ 0x000000010541ec7c [0x000000010541eac0+0x1bc]
J 7795 C1 scala.tools.nsc.typechecker.Namers$Namer.scala$tools$nsc$typechecker$Namers$Namer$$logAndValidate(Lscala/reflect/internal/Symbols$Symbol;Lscala/Function0;)V (314 bytes) @ 0x00000001056856cc [0x0000000105684360+0x136c]
J 6292 C1 scala.tools.nsc.typechecker.Namers$Namer$$anonfun$monoTypeCompleter$1.apply(Ljava/lang/Object;)Ljava/lang/Object; (12 bytes) @ 0x000000010604ed2c [0x000000010604ec00+0x12c]
J 12976 C1 scala.tools.nsc.typechecker.Namers$LockingTypeCompleter$class.complete(Lscala/tools/nsc/typechecker/Namers$LockingTypeCompleter;Lscala/reflect/internal/Symbols$Symbol;)V (83 bytes) @ 0x00000001057d5774 [0x00000001057d53e0+0x394]
J 12975 C1 scala.tools.nsc.typechecker.Namers$$anon$1.complete(Lscala/reflect/internal/Symbols$Symbol;)V (6 bytes) @ 0x000000010570a7fc [0x000000010570a780+0x7c]
J 8203 C2 scala.reflect.internal.Symbols$Symbol.info()Lscala/reflect/internal/Types$Type; (369 bytes) @ 0x00000001053f4630 [0x00000001053f4440+0x1f0]
J 13378 C1 scala.tools.nsc.typechecker.Typers$Typer.scala$tools$nsc$typechecker$Typers$Typer$$typedStat$1(Lscala/reflect/internal/Trees$Tree;Lscala/reflect/internal/Symbols$Symbol;ZZ)Lscala/reflect/internal/Trees$Tree; (416 bytes) @ 0x0000000106b5c774 [0x0000000106b5bb20+0xc54]
J 13116 C1 scala.tools.nsc.typechecker.Typers$Typer$$anonfun$65.apply(Ljava/lang/Object;)Ljava/lang/Object; (9 bytes) @ 0x0000000106e43f64 [0x0000000106e43ca0+0x2c4]
J 3580 C2 scala.collection.immutable.List.loop$1(Lscala/collection/mutable/ListBuffer;Lscala/collection/immutable/List;Lscala/collection/immutable/List;Lscala/Function1;)Lscala/collection/immutable/List; (139 bytes) @ 0x000000010550c80c [0x000000010550c740+0xcc]
J 12534 C1 scala.tools.nsc.typechecker.Typers$Typer.typedStats(Lscala/collection/immutable/List;Lscala/reflect/internal/Symbols$Symbol;)Lscala/collection/immutable/List; (121 bytes) @ 0x0000000106c737d4 [0x0000000106c72e80+0x954]
J 9456 C1 scala.tools.nsc.typechecker.Typers$Typer.typedTemplate(Lscala/reflect/internal/Trees$Template;Lscala/collection/immutable/List;)Lscala/reflect/internal/Trees$Template; (1228 bytes) @ 0x00000001064f4a54 [0x00000001064e8040+0xca14]
J 11164 C1 scala.tools.nsc.typechecker.Typers$Typer.typedModuleDef(Lscala/reflect/internal/Trees$ModuleDef;)Lscala/reflect/internal/Trees$Tree; (544 bytes) @ 0x000000010691fb7c [0x0000000106919a60+0x611c]
J 12930 C2 scala.tools.nsc.typechecker.Typers$Typer.typed1(Lscala/reflect/internal/Trees$Tree;ILscala/reflect/internal/Types$Type;)Lscala/reflect/internal/Trees$Tree; (114 bytes) @ 0x0000000106da9394 [0x0000000106da85e0+0xdb4]
J 13383 C2 scala.tools.nsc.typechecker.Typers$Typer.runTyper$1(Lscala/reflect/internal/Trees$Tree;ILscala/reflect/internal/Types$Type;)Lscala/reflect/internal/Trees$Tree; (294 bytes) @ 0x0000000105b93334 [0x0000000105b931c0+0x174]
J 13610 C2 scala.tools.nsc.typechecker.Typers$Typer.scala$tools$nsc$typechecker$Typers$Typer$$typedInternal(Lscala/reflect/internal/Trees$Tree;ILscala/reflect/internal/Types$Type;)Lscala/reflect/internal/Trees$Tree; (470 bytes) @ 0x00000001053767b8 [0x0000000105376740+0x78]
J 10691 C2 scala.tools.nsc.typechecker.Typers$Typer.typed(Lscala/reflect/internal/Trees$Tree;ILscala/reflect/internal/Types$Type;)Lscala/reflect/internal/Trees$Tree; (227 bytes) @ 0x000000010673ae30 [0x000000010673ad80+0xb0]
J 13378 C1 scala.tools.nsc.typechecker.Typers$Typer.scala$tools$nsc$typechecker$Typers$Typer$$typedStat$1(Lscala/reflect/internal/Trees$Tree;Lscala/reflect/internal/Symbols$Symbol;ZZ)Lscala/reflect/internal/Trees$Tree; (416 bytes) @ 0x0000000106b5e874 [0x0000000106b5bb20+0x2d54]
J 13116 C1 scala.tools.nsc.typechecker.Typers$Typer$$anonfun$65.apply(Ljava/lang/Object;)Ljava/lang/Object; (9 bytes) @ 0x0000000106e43f64 [0x0000000106e43ca0+0x2c4]
J 3580 C2 scala.collection.immutable.List.loop$1(Lscala/collection/mutable/ListBuffer;Lscala/collection/immutable/List;Lscala/collection/immutable/List;Lscala/Function1;)Lscala/collection/immutable/List; (139 bytes) @ 0x000000010550c80c [0x000000010550c740+0xcc]
J 12534 C1 scala.tools.nsc.typechecker.Typers$Typer.typedStats(Lscala/collection/immutable/List;Lscala/reflect/internal/Symbols$Symbol;)Lscala/collection/immutable/List; (121 bytes) @ 0x0000000106c737d4 [0x0000000106c72e80+0x954]
J 9456 C1 scala.tools.nsc.typechecker.Typers$Typer.typedTemplate(Lscala/reflect/internal/Trees$Template;Lscala/collection/immutable/List;)Lscala/reflect/internal/Trees$Template; (1228 bytes) @ 0x00000001064f4a54 [0x00000001064e8040+0xca14]
J 11164 C1 scala.tools.nsc.typechecker.Typers$Typer.typedModuleDef(Lscala/reflect/internal/Trees$ModuleDef;)Lscala/reflect/internal/Trees$Tree; (544 bytes) @ 0x000000010691fb7c [0x0000000106919a60+0x611c]
J 12930 C2 scala.tools.nsc.typechecker.Typers$Typer.typed1(Lscala/reflect/internal/Trees$Tree;ILscala/reflect/internal/Types$Type;)Lscala/reflect/internal/Trees$Tree; (114 bytes) @ 0x0000000106da9394 [0x0000000106da85e0+0xdb4]
J 13383 C2 scala.tools.nsc.typechecker.Typers$Typer.runTyper$1(Lscala/reflect/internal/Trees$Tree;ILscala/reflect/internal/Types$Type;)Lscala/reflect/internal/Trees$Tree; (294 bytes) @ 0x0000000105b93334 [0x0000000105b931c0+0x174]
J 13610 C2 scala.tools.nsc.typechecker.Typers$Typer.scala$tools$nsc$typechecker$Typers$Typer$$typedInternal(Lscala/reflect/internal/Trees$Tree;ILscala/reflect/internal/Types$Type;)Lscala/reflect/internal/Trees$Tree; (470 bytes) @ 0x00000001053767b8 [0x0000000105376740+0x78]
J 10691 C2 scala.tools.nsc.typechecker.Typers$Typer.typed(Lscala/reflect/internal/Trees$Tree;ILscala/reflect/internal/Types$Type;)Lscala/reflect/internal/Trees$Tree; (227 bytes) @ 0x000000010673ae30 [0x000000010673ad80+0xb0]
J 13378 C1 scala.tools.nsc.typechecker.Typers$Typer.scala$tools$nsc$typechecker$Typers$Typer$$typedStat$1(Lscala/reflect/internal/Trees$Tree;Lscala/reflect/internal/Symbols$Symbol;ZZ)Lscala/reflect/internal/Trees$Tree; (416 bytes) @ 0x0000000106b5e874 [0x0000000106b5bb20+0x2d54]
J 13116 C1 scala.tools.nsc.typechecker.Typers$Typer$$anonfun$65.apply(Ljava/lang/Object;)Ljava/lang/Object; (9 bytes) @ 0x0000000106e43f64 [0x0000000106e43ca0+0x2c4]
J 3580 C2 scala.collection.immutable.List.loop$1(Lscala/collection/mutable/ListBuffer;Lscala/collection/immutable/List;Lscala/collection/immutable/List;Lscala/Function1;)Lscala/collection/immutable/List; (139 bytes) @ 0x000000010550c80c [0x000000010550c740+0xcc]
J 12534 C1 scala.tools.nsc.typechecker.Typers$Typer.typedStats(Lscala/collection/immutable/List;Lscala/reflect/internal/Symbols$Symbol;)Lscala/collection/immutable/List; (121 bytes) @ 0x0000000106c737d4 [0x0000000106c72e80+0x954]
J 9456 C1 scala.tools.nsc.typechecker.Typers$Typer.typedTemplate(Lscala/reflect/internal/Trees$Template;Lscala/collection/immutable/List;)Lscala/reflect/internal/Trees$Template; (1228 bytes) @ 0x00000001064f4a54 [0x00000001064e8040+0xca14]
J 11164 C1 scala.tools.nsc.typechecker.Typers$Typer.typedModuleDef(Lscala/reflect/internal/Trees$ModuleDef;)Lscala/reflect/internal/Trees$Tree; (544 bytes) @ 0x000000010691fb7c [0x0000000106919a60+0x611c]
J 12930 C2 scala.tools.nsc.typechecker.Typers$Typer.typed1(Lscala/reflect/internal/Trees$Tree;ILscala/reflect/internal/Types$Type;)Lscala/reflect/internal/Trees$Tree; (114 bytes) @ 0x0000000106da9394 [0x0000000106da85e0+0xdb4]
J 13383 C2 scala.tools.nsc.typechecker.Typers$Typer.runTyper$1(Lscala/reflect/internal/Trees$Tree;ILscala/reflect/internal/Types$Type;)Lscala/reflect/internal/Trees$Tree; (294 bytes) @ 0x0000000105b93334 [0x0000000105b931c0+0x174]
J 13610 C2 scala.tools.nsc.typechecker.Typers$Typer.scala$tools$nsc$typechecker$Typers$Typer$$typedInternal(Lscala/reflect/internal/Trees$Tree;ILscala/reflect/internal/Types$Type;)Lscala/reflect/internal/Trees$Tree; (470 bytes) @ 0x00000001053767b8 [0x0000000105376740+0x78]
J 10691 C2 scala.tools.nsc.typechecker.Typers$Typer.typed(Lscala/reflect/internal/Trees$Tree;ILscala/reflect/internal/Types$Type;)Lscala/reflect/internal/Trees$Tree; (227 bytes) @ 0x000000010673ae30 [0x000000010673ad80+0xb0]
J 13378 C1 scala.tools.nsc.typechecker.Typers$Typer.scala$tools$nsc$typechecker$Typers$Typer$$typedStat$1(Lscala/reflect/internal/Trees$Tree;Lscala/reflect/internal/Symbols$Symbol;ZZ)Lscala/reflect/internal/Trees$Tree; (416 bytes) @ 0x0000000106b5e874 [0x0000000106b5bb20+0x2d54]
J 13116 C1 scala.tools.nsc.typechecker.Typers$Typer$$anonfun$65.apply(Ljava/lang/Object;)Ljava/lang/Object; (9 bytes) @ 0x0000000106e43f64 [0x0000000106e43ca0+0x2c4]
J 3580 C2 scala.collection.immutable.List.loop$1(Lscala/collection/mutable/ListBuffer;Lscala/collection/immutable/List;Lscala/collection/immutable/List;Lscala/Function1;)Lscala/collection/immutable/List; (139 bytes) @ 0x000000010550c80c [0x000000010550c740+0xcc]
J 12534 C1 scala.tools.nsc.typechecker.Typers$Typer.typedStats(Lscala/collection/immutable/List;Lscala/reflect/internal/Symbols$Symbol;)Lscala/collection/immutable/List; (121 bytes) @ 0x0000000106c737d4 [0x0000000106c72e80+0x954]
J 9456 C1 scala.tools.nsc.typechecker.Typers$Typer.typedTemplate(Lscala/reflect/internal/Trees$Template;Lscala/collection/immutable/List;)Lscala/reflect/internal/Trees$Template; (1228 bytes) @ 0x00000001064f4a54 [0x00000001064e8040+0xca14]
J 11164 C1 scala.tools.nsc.typechecker.Typers$Typer.typedModuleDef(Lscala/reflect/internal/Trees$ModuleDef;)Lscala/reflect/internal/Trees$Tree; (544 bytes) @ 0x000000010691fb7c [0x0000000106919a60+0x611c]
J 12930 C2 scala.tools.nsc.typechecker.Typers$Typer.typed1(Lscala/reflect/internal/Trees$Tree;ILscala/reflect/internal/Types$Type;)Lscala/reflect/internal/Trees$Tree; (114 bytes) @ 0x0000000106da9394 [0x0000000106da85e0+0xdb4]
J 13383 C2 scala.tools.nsc.typechecker.Typers$Typer.runTyper$1(Lscala/reflect/internal/Trees$Tree;ILscala/reflect/internal/Types$Type;)Lscala/reflect/internal/Trees$Tree; (294 bytes) @ 0x0000000105b93334 [0x0000000105b931c0+0x174]
J 13610 C2 scala.tools.nsc.typechecker.Typers$Typer.scala$tools$nsc$typechecker$Typers$Typer$$typedInternal(Lscala/reflect/internal/Trees$Tree;ILscala/reflect/internal/Types$Type;)Lscala/reflect/internal/Trees$Tree; (470 bytes) @ 0x00000001053767b8 [0x0000000105376740+0x78]
J 10691 C2 scala.tools.nsc.typechecker.Typers$Typer.typed(Lscala/reflect/internal/Trees$Tree;ILscala/reflect/internal/Types$Type;)Lscala/reflect/internal/Trees$Tree; (227 bytes) @ 0x000000010673ae30 [0x000000010673ad80+0xb0]
J 13378 C1 scala.tools.nsc.typechecker.Typers$Typer.scala$tools$nsc$typechecker$Typers$Typer$$typedStat$1(Lscala/reflect/internal/Trees$Tree;Lscala/reflect/internal/Symbols$Symbol;ZZ)Lscala/reflect/internal/Trees$Tree; (416 bytes) @ 0x0000000106b5e874 [0x0000000106b5bb20+0x2d54]
J 13116 C1 scala.tools.nsc.typechecker.Typers$Typer$$anonfun$65.apply(Ljava/lang/Object;)Ljava/lang/Object; (9 bytes) @ 0x0000000106e43f64 [0x0000000106e43ca0+0x2c4]
J 3580 C2 scala.collection.immutable.List.loop$1(Lscala/collection/mutable/ListBuffer;Lscala/collection/immutable/List;Lscala/collection/immutable/List;Lscala/Function1;)Lscala/collection/immutable/List; (139 bytes) @ 0x000000010550c80c [0x000000010550c740+0xcc]
J 12534 C1 scala.tools.nsc.typechecker.Typers$Typer.typedStats(Lscala/collection/immutable/List;Lscala/reflect/internal/Symbols$Symbol;)Lscala/collection/immutable/List; (121 bytes) @ 0x0000000106c737d4 [0x0000000106c72e80+0x954]
J 9456 C1 scala.tools.nsc.typechecker.Typers$Typer.typedTemplate(Lscala/reflect/internal/Trees$Template;Lscala/collection/immutable/List;)Lscala/reflect/internal/Trees$Template; (1228 bytes) @ 0x00000001064f4a54 [0x00000001064e8040+0xca14]
J 11164 C1 scala.tools.nsc.typechecker.Typers$Typer.typedModuleDef(Lscala/reflect/internal/Trees$ModuleDef;)Lscala/reflect/internal/Trees$Tree; (544 bytes) @ 0x000000010691fb7c [0x0000000106919a60+0x611c]
J 12930 C2 scala.tools.nsc.typechecker.Typers$Typer.typed1(Lscala/reflect/internal/Trees$Tree;ILscala/reflect/internal/Types$Type;)Lscala/reflect/internal/Trees$Tree; (114 bytes) @ 0x0000000106da9394 [0x0000000106da85e0+0xdb4]
J 13383 C2 scala.tools.nsc.typechecker.Typers$Typer.runTyper$1(Lscala/reflect/internal/Trees$Tree;ILscala/reflect/internal/Types$Type;)Lscala/reflect/internal/Trees$Tree; (294 bytes) @ 0x0000000105b93334 [0x0000000105b931c0+0x174]
J 13610 C2 scala.tools.nsc.typechecker.Typers$Typer.scala$tools$nsc$typechecker$Typers$Typer$$typedInternal(Lscala/reflect/internal/Trees$Tree;ILscala/reflect/internal/Types$Type;)Lscala/reflect/internal/Trees$Tree; (470 bytes) @ 0x00000001053767b8 [0x0000000105376740+0x78]
J 10691 C2 scala.tools.nsc.typechecker.Typers$Typer.typed(Lscala/reflect/internal/Trees$Tree;ILscala/reflect/internal/Types$Type;)Lscala/reflect/internal/Trees$Tree; (227 bytes) @ 0x000000010673ae30 [0x000000010673ad80+0xb0]
J 13378 C1 scala.tools.nsc.typechecker.Typers$Typer.scala$tools$nsc$typechecker$Typers$Typer$$typedStat$1(Lscala/reflect/internal/Trees$Tree;Lscala/reflect/internal/Symbols$Symbol;ZZ)Lscala/reflect/internal/Trees$Tree; (416 bytes) @ 0x0000000106b5e874 [0x0000000106b5bb20+0x2d54]
J 13116 C1 scala.tools.nsc.typechecker.Typers$Typer$$anonfun$65.apply(Ljava/lang/Object;)Ljava/lang/Object; (9 bytes) @ 0x0000000106e43f64 [0x0000000106e43ca0+0x2c4]
J 3580 C2 scala.collection.immutable.List.loop$1(Lscala/collection/mutable/ListBuffer;Lscala/collection/immutable/List;Lscala/collection/immutable/List;Lscala/Function1;)Lscala/collection/immutable/List; (139 bytes) @ 0x000000010550c80c [0x000000010550c740+0xcc]
J 12534 C1 scala.tools.nsc.typechecker.Typers$Typer.typedStats(Lscala/collection/immutable/List;Lscala/reflect/internal/Symbols$Symbol;)Lscala/collection/immutable/List; (121 bytes) @ 0x0000000106c737d4 [0x0000000106c72e80+0x954]
J 9456 C1 scala.tools.nsc.typechecker.Typers$Typer.typedTemplate(Lscala/reflect/internal/Trees$Template;Lscala/collection/immutable/List;)Lscala/reflect/internal/Trees$Template; (1228 bytes) @ 0x00000001064f4a54 [0x00000001064e8040+0xca14]
J 11164 C1 scala.tools.nsc.typechecker.Typers$Typer.typedModuleDef(Lscala/reflect/internal/Trees$ModuleDef;)Lscala/reflect/internal/Trees$Tree; (544 bytes) @ 0x000000010691fb7c [0x0000000106919a60+0x611c]
J 12930 C2 scala.tools.nsc.typechecker.Typers$Typer.typed1(Lscala/reflect/internal/Trees$Tree;ILscala/reflect/internal/Types$Type;)Lscala/reflect/internal/Trees$Tree; (114 bytes) @ 0x0000000106da9394 [0x0000000106da85e0+0xdb4]
J 13383 C2 scala.tools.nsc.typechecker.Typers$Typer.runTyper$1(Lscala/reflect/internal/Trees$Tree;ILscala/reflect/internal/Types$Type;)Lscala/reflect/internal/Trees$Tree; (294 bytes) @ 0x0000000105b93334 [0x0000000105b931c0+0x174]
J 13610 C2 scala.tools.nsc.typechecker.Typers$Typer.scala$tools$nsc$typechecker$Typers$Typer$$typedInternal(Lscala/reflect/internal/Trees$Tree;ILscala/reflect/internal/Types$Type;)Lscala/reflect/internal/Trees$Tree; (470 bytes) @ 0x00000001053767b8 [0x0000000105376740+0x78]
J 10691 C2 scala.tools.nsc.typechecker.Typers$Typer.typed(Lscala/reflect/internal/Trees$Tree;ILscala/reflect/internal/Types$Type;)Lscala/reflect/internal/Trees$Tree; (227 bytes) @ 0x000000010673ae30 [0x000000010673ad80+0xb0]
J 13378 C1 scala.tools.nsc.typechecker.Typers$Typer.scala$tools$nsc$typechecker$Typers$Typer$$typedStat$1(Lscala/reflect/internal/Trees$Tree;Lscala/reflect/internal/Symbols$Symbol;ZZ)Lscala/reflect/internal/Trees$Tree; (416 bytes) @ 0x0000000106b5e874 [0x0000000106b5bb20+0x2d54]
J 13116 C1 scala.tools.nsc.typechecker.Typers$Typer$$anonfun$65.apply(Ljava/lang/Object;)Ljava/lang/Object; (9 bytes) @ 0x0000000106e43f64 [0x0000000106e43ca0+0x2c4]
J 3580 C2 scala.collection.immutable.List.loop$1(Lscala/collection/mutable/ListBuffer;Lscala/collection/immutable/List;Lscala/collection/immutable/List;Lscala/Function1;)Lscala/collection/immutable/List; (139 bytes) @ 0x000000010550c80c [0x000000010550c740+0xcc]
J 12534 C1 scala.tools.nsc.typechecker.Typers$Typer.typedStats(Lscala/collection/immutable/List;Lscala/reflect/internal/Symbols$Symbol;)Lscala/collection/immutable/List; (121 bytes) @ 0x0000000106c737d4 [0x0000000106c72e80+0x954]
j  scala.tools.nsc.typechecker.Typers$Typer.typedPackageDef$1(Lscala/reflect/internal/Trees$PackageDef;Lscala/reflect/internal/Trees$Tree;Lscala/reflect/internal/Symbols$Symbol;)Lscala/reflect/internal/Trees$PackageDef;+143
J 12930 C2 scala.tools.nsc.typechecker.Typers$Typer.typed1(Lscala/reflect/internal/Trees$Tree;ILscala/reflect/internal/Types$Type;)Lscala/reflect/internal/Trees$Tree; (114 bytes) @ 0x0000000106da93dc [0x0000000106da85e0+0xdfc]
J 13383 C2 scala.tools.nsc.typechecker.Typers$Typer.runTyper$1(Lscala/reflect/internal/Trees$Tree;ILscala/reflect/internal/Types$Type;)Lscala/reflect/internal/Trees$Tree; (294 bytes) @ 0x0000000105b93334 [0x0000000105b931c0+0x174]
J 13610 C2 scala.tools.nsc.typechecker.Typers$Typer.scala$tools$nsc$typechecker$Typers$Typer$$typedInternal(Lscala/reflect/internal/Trees$Tree;ILscala/reflect/internal/Types$Type;)Lscala/reflect/internal/Trees$Tree; (470 bytes) @ 0x00000001053767b8 [0x0000000105376740+0x78]
J 10691 C2 scala.tools.nsc.typechecker.Typers$Typer.typed(Lscala/reflect/internal/Trees$Tree;ILscala/reflect/internal/Types$Type;)Lscala/reflect/internal/Trees$Tree; (227 bytes) @ 0x000000010673ae30 [0x000000010673ad80+0xb0]
J 5967 C1 scala.tools.nsc.typechecker.Typers$Typer.typed(Lscala/reflect/internal/Trees$Tree;)Lscala/reflect/internal/Trees$Tree; (27 bytes) @ 0x0000000105f80be4 [0x0000000105f80aa0+0x144]
j  scala.tools.nsc.typechecker.Analyzer$typerFactory$$anon$3.apply(Lscala/tools/nsc/CompilationUnits$CompilationUnit;)V+70
J 6560 C1 scala.tools.nsc.Global$GlobalPhase$$anonfun$applyPhase$1.apply$mcV$sp()V (12 bytes) @ 0x00000001060f813c [0x00000001060f80c0+0x7c]
...<more frames>...

Java frames: (J=compiled Java code, j=interpreted, Vv=VM code)
J 3640  java.util.zip.ZipFile.getEntry(J[BZ)J (0 bytes) @ 0x00000001057c6898 [0x00000001057c6840+0x58]
J 14423 C2 java.util.zip.ZipFile.getInputStream(Ljava/util/zip/ZipEntry;)Ljava/io/InputStream; (304 bytes) @ 0x00000001071892d0 [0x0000000107188f80+0x350]
J 12221 C1 scala.reflect.io.FileZipArchive$FileEntry$1.input()Ljava/io/InputStream; (12 bytes) @ 0x000000010680f73c [0x000000010680f600+0x13c]
J 12216 C1 scala.reflect.io.AbstractFile.toByteArray()[B (167 bytes) @ 0x0000000106816194 [0x0000000106816080+0x114]
J 12268 C1 scala.tools.nsc.symtab.classfile.ClassfileParser.parse(Lscala/reflect/io/AbstractFile;Lscala/reflect/internal/Symbols$Symbol;)V (376 bytes) @ 0x0000000106be5de4 [0x0000000106be4920+0x14c4]
J 12215 C1 scala.tools.nsc.symtab.SymbolLoaders$ClassfileLoader.doComplete(Lscala/reflect/internal/Symbols$Symbol;)V (206 bytes) @ 0x000000010546c6cc [0x000000010546b180+0x154c]
J 12383 C2 scala.tools.nsc.symtab.SymbolLoaders$SymbolLoader.complete(Lscala/reflect/internal/Symbols$Symbol;)V (172 bytes) @ 0x00000001060716ac [0x0000000106071600+0xac]
J 14713 C2 scala.tools.nsc.typechecker.Typers$Typer.typedSelectInternal$1(Lscala/reflect/internal/Trees$Tree;Lscala/reflect/internal/Trees$Tree;Lscala/reflect/internal/Names$Name;Lscala/reflect/internal/Trees$Tree;ILscala/reflect/internal/Types$Type;)Lscala/reflect/internal/Trees$Tree; (1044 bytes) @ 0x000000010723a16c [0x0000000107239f60+0x20c]
J 14715 C2 scala.tools.nsc.typechecker.Typers$Typer.scala$tools$nsc$typechecker$Typers$Typer$$typedSelect$1(Lscala/reflect/internal/Trees$Tree;Lscala/reflect/internal/Trees$Tree;Lscala/reflect/internal/Names$Name;Lscala/reflect/internal/Trees$Tree;ILscala/reflect/internal/Types$Type;)Lscala/reflect/internal/Trees$Tree; (289 bytes) @ 0x0000000107240ec0 [0x0000000107240e80+0x40]
J 13523 C1 scala.tools.nsc.typechecker.Typers$Typer.typedSelectOrSuperCall$1(Lscala/reflect/internal/Trees$Select;Lscala/reflect/internal/Trees$Tree;ILscala/reflect/internal/Types$Type;)Lscala/reflect/internal/Trees$Tree; (516 bytes) @ 0x0000000106c3fccc [0x0000000106c3ca40+0x328c]
J 11396 C2 scala.tools.nsc.typechecker.Typers$Typer.typedInAnyMode$1(Lscala/reflect/internal/Trees$Tree;Lscala/reflect/internal/Trees$Tree;ILscala/reflect/internal/Types$Type;Lscala/runtime/VolatileObjectRef;)Lscala/reflect/internal/Trees$Tree; (302 bytes) @ 0x00000001069b1138 [0x00000001069b0f80+0x1b8]
J 12930 C2 scala.tools.nsc.typechecker.Typers$Typer.typed1(Lscala/reflect/internal/Trees$Tree;ILscala/reflect/internal/Types$Type;)Lscala/reflect/internal/Trees$Tree; (114 bytes) @ 0x0000000106da87cc [0x0000000106da85e0+0x1ec]
J 13383 C2 scala.tools.nsc.typechecker.Typers$Typer.runTyper$1(Lscala/reflect/internal/Trees$Tree;ILscala/reflect/internal/Types$Type;)Lscala/reflect/internal/Trees$Tree; (294 bytes) @ 0x0000000105b93334 [0x0000000105b931c0+0x174]
J 13610 C2 scala.tools.nsc.typechecker.Typers$Typer.scala$tools$nsc$typechecker$Typers$Typer$$typedInternal(Lscala/reflect/internal/Trees$Tree;ILscala/reflect/internal/Types$Type;)Lscala/reflect/internal/Trees$Tree; (470 bytes) @ 0x00000001053767b8 [0x0000000105376740+0x78]
J 10691 C2 scala.tools.nsc.typechecker.Typers$Typer.typed(Lscala/reflect/internal/Trees$Tree;ILscala/reflect/internal/Types$Type;)Lscala/reflect/internal/Trees$Tree; (227 bytes) @ 0x000000010673ae30 [0x000000010673ad80+0xb0]
J 10497 C1 scala.tools.nsc.typechecker.Namers$Namer.importSig(Lscala/reflect/internal/Trees$Import;)Lscala/reflect/internal/Types$Type; (242 bytes) @ 0x000000010646a7fc [0x000000010646a620+0x1dc]
J 12977 C1 scala.tools.nsc.typechecker.Namers$Namer.getSig$1(Lscala/reflect/internal/Trees$Tree;)Lscala/reflect/internal/Types$Type; (169 bytes) @ 0x0000000106dd08cc [0x0000000106dd0080+0x84c]
J 8583 C1 scala.tools.nsc.typechecker.Namers$Namer.typeSig(Lscala/reflect/internal/Trees$Tree;)Lscala/reflect/internal/Types$Type; (88 bytes) @ 0x00000001052c682c [0x00000001052c64e0+0x34c]
J 7798 C1 scala.tools.nsc.typechecker.Namers$Namer$$anonfun$monoTypeCompleter$1$$anonfun$apply$1.apply$mcV$sp()V (266 bytes) @ 0x00000001054f739c [0x00000001054f7280+0x11c]
J 7796 C1 scala.tools.nsc.typechecker.Namers$Namer$$anonfun$monoTypeCompleter$1$$anonfun$apply$1.apply()Ljava/lang/Object; (8 bytes) @ 0x000000010541ec7c [0x000000010541eac0+0x1bc]
J 7795 C1 scala.tools.nsc.typechecker.Namers$Namer.scala$tools$nsc$typechecker$Namers$Namer$$logAndValidate(Lscala/reflect/internal/Symbols$Symbol;Lscala/Function0;)V (314 bytes) @ 0x00000001056856cc [0x0000000105684360+0x136c]
J 6292 C1 scala.tools.nsc.typechecker.Namers$Namer$$anonfun$monoTypeCompleter$1.apply(Ljava/lang/Object;)Ljava/lang/Object; (12 bytes) @ 0x000000010604ed2c [0x000000010604ec00+0x12c]
J 12976 C1 scala.tools.nsc.typechecker.Namers$LockingTypeCompleter$class.complete(Lscala/tools/nsc/typechecker/Namers$LockingTypeCompleter;Lscala/reflect/internal/Symbols$Symbol;)V (83 bytes) @ 0x00000001057d5774 [0x00000001057d53e0+0x394]
J 12975 C1 scala.tools.nsc.typechecker.Namers$$anon$1.complete(Lscala/reflect/internal/Symbols$Symbol;)V (6 bytes) @ 0x000000010570a7fc [0x000000010570a780+0x7c]
J 8203 C2 scala.reflect.internal.Symbols$Symbol.info()Lscala/reflect/internal/Types$Type; (369 bytes) @ 0x00000001053f4630 [0x00000001053f4440+0x1f0]
J 13378 C1 scala.tools.nsc.typechecker.Typers$Typer.scala$tools$nsc$typechecker$Typers$Typer$$typedStat$1(Lscala/reflect/internal/Trees$Tree;Lscala/reflect/internal/Symbols$Symbol;ZZ)Lscala/reflect/internal/Trees$Tree; (416 bytes) @ 0x0000000106b5c774 [0x0000000106b5bb20+0xc54]
J 13116 C1 scala.tools.nsc.typechecker.Typers$Typer$$anonfun$65.apply(Ljava/lang/Object;)Ljava/lang/Object; (9 bytes) @ 0x0000000106e43f64 [0x0000000106e43ca0+0x2c4]
J 3580 C2 scala.collection.immutable.List.loop$1(Lscala/collection/mutable/ListBuffer;Lscala/collection/immutable/List;Lscala/collection/immutable/List;Lscala/Function1;)Lscala/collection/immutable/List; (139 bytes) @ 0x000000010550c80c [0x000000010550c740+0xcc]
J 12534 C1 scala.tools.nsc.typechecker.Typers$Typer.typedStats(Lscala/collection/immutable/List;Lscala/reflect/internal/Symbols$Symbol;)Lscala/collection/immutable/List; (121 bytes) @ 0x0000000106c737d4 [0x0000000106c72e80+0x954]
J 9456 C1 scala.tools.nsc.typechecker.Typers$Typer.typedTemplate(Lscala/reflect/internal/Trees$Template;Lscala/collection/immutable/List;)Lscala/reflect/internal/Trees$Template; (1228 bytes) @ 0x00000001064f4a54 [0x00000001064e8040+0xca14]
J 11164 C1 scala.tools.nsc.typechecker.Typers$Typer.typedModuleDef(Lscala/reflect/internal/Trees$ModuleDef;)Lscala/reflect/internal/Trees$Tree; (544 bytes) @ 0x000000010691fb7c [0x0000000106919a60+0x611c]
J 12930 C2 scala.tools.nsc.typechecker.Typers$Typer.typed1(Lscala/reflect/internal/Trees$Tree;ILscala/reflect/internal/Types$Type;)Lscala/reflect/internal/Trees$Tree; (114 bytes) @ 0x0000000106da9394 [0x0000000106da85e0+0xdb4]
J 13383 C2 scala.tools.nsc.typechecker.Typers$Typer.runTyper$1(Lscala/reflect/internal/Trees$Tree;ILscala/reflect/internal/Types$Type;)Lscala/reflect/internal/Trees$Tree; (294 bytes) @ 0x0000000105b93334 [0x0000000105b931c0+0x174]
J 13610 C2 scala.tools.nsc.typechecker.Typers$Typer.scala$tools$nsc$typechecker$Typers$Typer$$typedInternal(Lscala/reflect/internal/Trees$Tree;ILscala/reflect/internal/Types$Type;)Lscala/reflect/internal/Trees$Tree; (470 bytes) @ 0x00000001053767b8 [0x0000000105376740+0x78]
J 10691 C2 scala.tools.nsc.typechecker.Typers$Typer.typed(Lscala/reflect/internal/Trees$Tree;ILscala/reflect/internal/Types$Type;)Lscala/reflect/internal/Trees$Tree; (227 bytes) @ 0x000000010673ae30 [0x000000010673ad80+0xb0]
J 13378 C1 scala.tools.nsc.typechecker.Typers$Typer.scala$tools$nsc$typechecker$Typers$Typer$$typedStat$1(Lscala/reflect/internal/Trees$Tree;Lscala/reflect/internal/Symbols$Symbol;ZZ)Lscala/reflect/internal/Trees$Tree; (416 bytes) @ 0x0000000106b5e874 [0x0000000106b5bb20+0x2d54]
J 13116 C1 scala.tools.nsc.typechecker.Typers$Typer$$anonfun$65.apply(Ljava/lang/Object;)Ljava/lang/Object; (9 bytes) @ 0x0000000106e43f64 [0x0000000106e43ca0+0x2c4]
J 3580 C2 scala.collection.immutable.List.loop$1(Lscala/collection/mutable/ListBuffer;Lscala/collection/immutable/List;Lscala/collection/immutable/List;Lscala/Function1;)Lscala/collection/immutable/List; (139 bytes) @ 0x000000010550c80c [0x000000010550c740+0xcc]
J 12534 C1 scala.tools.nsc.typechecker.Typers$Typer.typedStats(Lscala/collection/immutable/List;Lscala/reflect/internal/Symbols$Symbol;)Lscala/collection/immutable/List; (121 bytes) @ 0x0000000106c737d4 [0x0000000106c72e80+0x954]
J 9456 C1 scala.tools.nsc.typechecker.Typers$Typer.typedTemplate(Lscala/reflect/internal/Trees$Template;Lscala/collection/immutable/List;)Lscala/reflect/internal/Trees$Template; (1228 bytes) @ 0x00000001064f4a54 [0x00000001064e8040+0xca14]
J 11164 C1 scala.tools.nsc.typechecker.Typers$Typer.typedModuleDef(Lscala/reflect/internal/Trees$ModuleDef;)Lscala/reflect/internal/Trees$Tree; (544 bytes) @ 0x000000010691fb7c [0x0000000106919a60+0x611c]
J 12930 C2 scala.tools.nsc.typechecker.Typers$Typer.typed1(Lscala/reflect/internal/Trees$Tree;ILscala/reflect/internal/Types$Type;)Lscala/reflect/internal/Trees$Tree; (114 bytes) @ 0x0000000106da9394 [0x0000000106da85e0+0xdb4]
J 13383 C2 scala.tools.nsc.typechecker.Typers$Typer.runTyper$1(Lscala/reflect/internal/Trees$Tree;ILscala/reflect/internal/Types$Type;)Lscala/reflect/internal/Trees$Tree; (294 bytes) @ 0x0000000105b93334 [0x0000000105b931c0+0x174]
J 13610 C2 scala.tools.nsc.typechecker.Typers$Typer.scala$tools$nsc$typechecker$Typers$Typer$$typedInternal(Lscala/reflect/internal/Trees$Tree;ILscala/reflect/internal/Types$Type;)Lscala/reflect/internal/Trees$Tree; (470 bytes) @ 0x00000001053767b8 [0x0000000105376740+0x78]
J 10691 C2 scala.tools.nsc.typechecker.Typers$Typer.typed(Lscala/reflect/internal/Trees$Tree;ILscala/reflect/internal/Types$Type;)Lscala/reflect/internal/Trees$Tree; (227 bytes) @ 0x000000010673ae30 [0x000000010673ad80+0xb0]
J 13378 C1 scala.tools.nsc.typechecker.Typers$Typer.scala$tools$nsc$typechecker$Typers$Typer$$typedStat$1(Lscala/reflect/internal/Trees$Tree;Lscala/reflect/internal/Symbols$Symbol;ZZ)Lscala/reflect/internal/Trees$Tree; (416 bytes) @ 0x0000000106b5e874 [0x0000000106b5bb20+0x2d54]
J 13116 C1 scala.tools.nsc.typechecker.Typers$Typer$$anonfun$65.apply(Ljava/lang/Object;)Ljava/lang/Object; (9 bytes) @ 0x0000000106e43f64 [0x0000000106e43ca0+0x2c4]
J 3580 C2 scala.collection.immutable.List.loop$1(Lscala/collection/mutable/ListBuffer;Lscala/collection/immutable/List;Lscala/collection/immutable/List;Lscala/Function1;)Lscala/collection/immutable/List; (139 bytes) @ 0x000000010550c80c [0x000000010550c740+0xcc]
J 12534 C1 scala.tools.nsc.typechecker.Typers$Typer.typedStats(Lscala/collection/immutable/List;Lscala/reflect/internal/Symbols$Symbol;)Lscala/collection/immutable/List; (121 bytes) @ 0x0000000106c737d4 [0x0000000106c72e80+0x954]
J 9456 C1 scala.tools.nsc.typechecker.Typers$Typer.typedTemplate(Lscala/reflect/internal/Trees$Template;Lscala/collection/immutable/List;)Lscala/reflect/internal/Trees$Template; (1228 bytes) @ 0x00000001064f4a54 [0x00000001064e8040+0xca14]
J 11164 C1 scala.tools.nsc.typechecker.Typers$Typer.typedModuleDef(Lscala/reflect/internal/Trees$ModuleDef;)Lscala/reflect/internal/Trees$Tree; (544 bytes) @ 0x000000010691fb7c [0x0000000106919a60+0x611c]
J 12930 C2 scala.tools.nsc.typechecker.Typers$Typer.typed1(Lscala/reflect/internal/Trees$Tree;ILscala/reflect/internal/Types$Type;)Lscala/reflect/internal/Trees$Tree; (114 bytes) @ 0x0000000106da9394 [0x0000000106da85e0+0xdb4]
J 13383 C2 scala.tools.nsc.typechecker.Typers$Typer.runTyper$1(Lscala/reflect/internal/Trees$Tree;ILscala/reflect/internal/Types$Type;)Lscala/reflect/internal/Trees$Tree; (294 bytes) @ 0x0000000105b93334 [0x0000000105b931c0+0x174]
J 13610 C2 scala.tools.nsc.typechecker.Typers$Typer.scala$tools$nsc$typechecker$Typers$Typer$$typedInternal(Lscala/reflect/internal/Trees$Tree;ILscala/reflect/internal/Types$Type;)Lscala/reflect/internal/Trees$Tree; (470 bytes) @ 0x00000001053767b8 [0x0000000105376740+0x78]
J 10691 C2 scala.tools.nsc.typechecker.Typers$Typer.typed(Lscala/reflect/internal/Trees$Tree;ILscala/reflect/internal/Types$Type;)Lscala/reflect/internal/Trees$Tree; (227 bytes) @ 0x000000010673ae30 [0x000000010673ad80+0xb0]
J 13378 C1 scala.tools.nsc.typechecker.Typers$Typer.scala$tools$nsc$typechecker$Typers$Typer$$typedStat$1(Lscala/reflect/internal/Trees$Tree;Lscala/reflect/internal/Symbols$Symbol;ZZ)Lscala/reflect/internal/Trees$Tree; (416 bytes) @ 0x0000000106b5e874 [0x0000000106b5bb20+0x2d54]
J 13116 C1 scala.tools.nsc.typechecker.Typers$Typer$$anonfun$65.apply(Ljava/lang/Object;)Ljava/lang/Object; (9 bytes) @ 0x0000000106e43f64 [0x0000000106e43ca0+0x2c4]
J 3580 C2 scala.collection.immutable.List.loop$1(Lscala/collection/mutable/ListBuffer;Lscala/collection/immutable/List;Lscala/collection/immutable/List;Lscala/Function1;)Lscala/collection/immutable/List; (139 bytes) @ 0x000000010550c80c [0x000000010550c740+0xcc]
J 12534 C1 scala.tools.nsc.typechecker.Typers$Typer.typedStats(Lscala/collection/immutable/List;Lscala/reflect/internal/Symbols$Symbol;)Lscala/collection/immutable/List; (121 bytes) @ 0x0000000106c737d4 [0x0000000106c72e80+0x954]
J 9456 C1 scala.tools.nsc.typechecker.Typers$Typer.typedTemplate(Lscala/reflect/internal/Trees$Template;Lscala/collection/immutable/List;)Lscala/reflect/internal/Trees$Template; (1228 bytes) @ 0x00000001064f4a54 [0x00000001064e8040+0xca14]
J 11164 C1 scala.tools.nsc.typechecker.Typers$Typer.typedModuleDef(Lscala/reflect/internal/Trees$ModuleDef;)Lscala/reflect/internal/Trees$Tree; (544 bytes) @ 0x000000010691fb7c [0x0000000106919a60+0x611c]
J 12930 C2 scala.tools.nsc.typechecker.Typers$Typer.typed1(Lscala/reflect/internal/Trees$Tree;ILscala/reflect/internal/Types$Type;)Lscala/reflect/internal/Trees$Tree; (114 bytes) @ 0x0000000106da9394 [0x0000000106da85e0+0xdb4]
J 13383 C2 scala.tools.nsc.typechecker.Typers$Typer.runTyper$1(Lscala/reflect/internal/Trees$Tree;ILscala/reflect/internal/Types$Type;)Lscala/reflect/internal/Trees$Tree; (294 bytes) @ 0x0000000105b93334 [0x0000000105b931c0+0x174]
J 13610 C2 scala.tools.nsc.typechecker.Typers$Typer.scala$tools$nsc$typechecker$Typers$Typer$$typedInternal(Lscala/reflect/internal/Trees$Tree;ILscala/reflect/internal/Types$Type;)Lscala/reflect/internal/Trees$Tree; (470 bytes) @ 0x00000001053767b8 [0x0000000105376740+0x78]
J 10691 C2 scala.tools.nsc.typechecker.Typers$Typer.typed(Lscala/reflect/internal/Trees$Tree;ILscala/reflect/internal/Types$Type;)Lscala/reflect/internal/Trees$Tree; (227 bytes) @ 0x000000010673ae30 [0x000000010673ad80+0xb0]
J 13378 C1 scala.tools.nsc.typechecker.Typers$Typer.scala$tools$nsc$typechecker$Typers$Typer$$typedStat$1(Lscala/reflect/internal/Trees$Tree;Lscala/reflect/internal/Symbols$Symbol;ZZ)Lscala/reflect/internal/Trees$Tree; (416 bytes) @ 0x0000000106b5e874 [0x0000000106b5bb20+0x2d54]
J 13116 C1 scala.tools.nsc.typechecker.Typers$Typer$$anonfun$65.apply(Ljava/lang/Object;)Ljava/lang/Object; (9 bytes) @ 0x0000000106e43f64 [0x0000000106e43ca0+0x2c4]
J 3580 C2 scala.collection.immutable.List.loop$1(Lscala/collection/mutable/ListBuffer;Lscala/collection/immutable/List;Lscala/collection/immutable/List;Lscala/Function1;)Lscala/collection/immutable/List; (139 bytes) @ 0x000000010550c80c [0x000000010550c740+0xcc]
J 12534 C1 scala.tools.nsc.typechecker.Typers$Typer.typedStats(Lscala/collection/immutable/List;Lscala/reflect/internal/Symbols$Symbol;)Lscala/collection/immutable/List; (121 bytes) @ 0x0000000106c737d4 [0x0000000106c72e80+0x954]
J 9456 C1 scala.tools.nsc.typechecker.Typers$Typer.typedTemplate(Lscala/reflect/internal/Trees$Template;Lscala/collection/immutable/List;)Lscala/reflect/internal/Trees$Template; (1228 bytes) @ 0x00000001064f4a54 [0x00000001064e8040+0xca14]
J 11164 C1 scala.tools.nsc.typechecker.Typers$Typer.typedModuleDef(Lscala/reflect/internal/Trees$ModuleDef;)Lscala/reflect/internal/Trees$Tree; (544 bytes) @ 0x000000010691fb7c [0x0000000106919a60+0x611c]
J 12930 C2 scala.tools.nsc.typechecker.Typers$Typer.typed1(Lscala/reflect/internal/Trees$Tree;ILscala/reflect/internal/Types$Type;)Lscala/reflect/internal/Trees$Tree; (114 bytes) @ 0x0000000106da9394 [0x0000000106da85e0+0xdb4]
J 13383 C2 scala.tools.nsc.typechecker.Typers$Typer.runTyper$1(Lscala/reflect/internal/Trees$Tree;ILscala/reflect/internal/Types$Type;)Lscala/reflect/internal/Trees$Tree; (294 bytes) @ 0x0000000105b93334 [0x0000000105b931c0+0x174]
J 13610 C2 scala.tools.nsc.typechecker.Typers$Typer.scala$tools$nsc$typechecker$Typers$Typer$$typedInternal(Lscala/reflect/internal/Trees$Tree;ILscala/reflect/internal/Types$Type;)Lscala/reflect/internal/Trees$Tree; (470 bytes) @ 0x00000001053767b8 [0x0000000105376740+0x78]
J 10691 C2 scala.tools.nsc.typechecker.Typers$Typer.typed(Lscala/reflect/internal/Trees$Tree;ILscala/reflect/internal/Types$Type;)Lscala/reflect/internal/Trees$Tree; (227 bytes) @ 0x000000010673ae30 [0x000000010673ad80+0xb0]
J 13378 C1 scala.tools.nsc.typechecker.Typers$Typer.scala$tools$nsc$typechecker$Typers$Typer$$typedStat$1(Lscala/reflect/internal/Trees$Tree;Lscala/reflect/internal/Symbols$Symbol;ZZ)Lscala/reflect/internal/Trees$Tree; (416 bytes) @ 0x0000000106b5e874 [0x0000000106b5bb20+0x2d54]
J 13116 C1 scala.tools.nsc.typechecker.Typers$Typer$$anonfun$65.apply(Ljava/lang/Object;)Ljava/lang/Object; (9 bytes) @ 0x0000000106e43f64 [0x0000000106e43ca0+0x2c4]
J 3580 C2 scala.collection.immutable.List.loop$1(Lscala/collection/mutable/ListBuffer;Lscala/collection/immutable/List;Lscala/collection/immutable/List;Lscala/Function1;)Lscala/collection/immutable/List; (139 bytes) @ 0x000000010550c80c [0x000000010550c740+0xcc]
J 12534 C1 scala.tools.nsc.typechecker.Typers$Typer.typedStats(Lscala/collection/immutable/List;Lscala/reflect/internal/Symbols$Symbol;)Lscala/collection/immutable/List; (121 bytes) @ 0x0000000106c737d4 [0x0000000106c72e80+0x954]
J 9456 C1 scala.tools.nsc.typechecker.Typers$Typer.typedTemplate(Lscala/reflect/internal/Trees$Template;Lscala/collection/immutable/List;)Lscala/reflect/internal/Trees$Template; (1228 bytes) @ 0x00000001064f4a54 [0x00000001064e8040+0xca14]
J 11164 C1 scala.tools.nsc.typechecker.Typers$Typer.typedModuleDef(Lscala/reflect/internal/Trees$ModuleDef;)Lscala/reflect/internal/Trees$Tree; (544 bytes) @ 0x000000010691fb7c [0x0000000106919a60+0x611c]
J 12930 C2 scala.tools.nsc.typechecker.Typers$Typer.typed1(Lscala/reflect/internal/Trees$Tree;ILscala/reflect/internal/Types$Type;)Lscala/reflect/internal/Trees$Tree; (114 bytes) @ 0x0000000106da9394 [0x0000000106da85e0+0xdb4]
J 13383 C2 scala.tools.nsc.typechecker.Typers$Typer.runTyper$1(Lscala/reflect/internal/Trees$Tree;ILscala/reflect/internal/Types$Type;)Lscala/reflect/internal/Trees$Tree; (294 bytes) @ 0x0000000105b93334 [0x0000000105b931c0+0x174]
J 13610 C2 scala.tools.nsc.typechecker.Typers$Typer.scala$tools$nsc$typechecker$Typers$Typer$$typedInternal(Lscala/reflect/internal/Trees$Tree;ILscala/reflect/internal/Types$Type;)Lscala/reflect/internal/Trees$Tree; (470 bytes) @ 0x00000001053767b8 [0x0000000105376740+0x78]
J 10691 C2 scala.tools.nsc.typechecker.Typers$Typer.typed(Lscala/reflect/internal/Trees$Tree;ILscala/reflect/internal/Types$Type;)Lscala/reflect/internal/Trees$Tree; (227 bytes) @ 0x000000010673ae30 [0x000000010673ad80+0xb0]
J 13378 C1 scala.tools.nsc.typechecker.Typers$Typer.scala$tools$nsc$typechecker$Typers$Typer$$typedStat$1(Lscala/reflect/internal/Trees$Tree;Lscala/reflect/internal/Symbols$Symbol;ZZ)Lscala/reflect/internal/Trees$Tree; (416 bytes) @ 0x0000000106b5e874 [0x0000000106b5bb20+0x2d54]
J 13116 C1 scala.tools.nsc.typechecker.Typers$Typer$$anonfun$65.apply(Ljava/lang/Object;)Ljava/lang/Object; (9 bytes) @ 0x0000000106e43f64 [0x0000000106e43ca0+0x2c4]
J 3580 C2 scala.collection.immutable.List.loop$1(Lscala/collection/mutable/ListBuffer;Lscala/collection/immutable/List;Lscala/collection/immutable/List;Lscala/Function1;)Lscala/collection/immutable/List; (139 bytes) @ 0x000000010550c80c [0x000000010550c740+0xcc]
J 12534 C1 scala.tools.nsc.typechecker.Typers$Typer.typedStats(Lscala/collection/immutable/List;Lscala/reflect/internal/Symbols$Symbol;)Lscala/collection/immutable/List; (121 bytes) @ 0x0000000106c737d4 [0x0000000106c72e80+0x954]
j  scala.tools.nsc.typechecker.Typers$Typer.typedPackageDef$1(Lscala/reflect/internal/Trees$PackageDef;Lscala/reflect/internal/Trees$Tree;Lscala/reflect/internal/Symbols$Symbol;)Lscala/reflect/internal/Trees$PackageDef;+143
J 12930 C2 scala.tools.nsc.typechecker.Typers$Typer.typed1(Lscala/reflect/internal/Trees$Tree;ILscala/reflect/internal/Types$Type;)Lscala/reflect/internal/Trees$Tree; (114 bytes) @ 0x0000000106da93dc [0x0000000106da85e0+0xdfc]
J 13383 C2 scala.tools.nsc.typechecker.Typers$Typer.runTyper$1(Lscala/reflect/internal/Trees$Tree;ILscala/reflect/internal/Types$Type;)Lscala/reflect/internal/Trees$Tree; (294 bytes) @ 0x0000000105b93334 [0x0000000105b931c0+0x174]
J 13610 C2 scala.tools.nsc.typechecker.Typers$Typer.scala$tools$nsc$typechecker$Typers$Typer$$typedInternal(Lscala/reflect/internal/Trees$Tree;ILscala/reflect/internal/Types$Type;)Lscala/reflect/internal/Trees$Tree; (470 bytes) @ 0x00000001053767b8 [0x0000000105376740+0x78]
J 10691 C2 scala.tools.nsc.typechecker.Typers$Typer.typed(Lscala/reflect/internal/Trees$Tree;ILscala/reflect/internal/Types$Type;)Lscala/reflect/internal/Trees$Tree; (227 bytes) @ 0x000000010673ae30 [0x000000010673ad80+0xb0]
J 5967 C1 scala.tools.nsc.typechecker.Typers$Typer.typed(Lscala/reflect/internal/Trees$Tree;)Lscala/reflect/internal/Trees$Tree; (27 bytes) @ 0x0000000105f80be4 [0x0000000105f80aa0+0x144]
j  scala.tools.nsc.typechecker.Analyzer$typerFactory$$anon$3.apply(Lscala/tools/nsc/CompilationUnits$CompilationUnit;)V+70
J 6560 C1 scala.tools.nsc.Global$GlobalPhase$$anonfun$applyPhase$1.apply$mcV$sp()V (12 bytes) @ 0x00000001060f813c [0x00000001060f80c0+0x7c]
J 9559 C1 scala.tools.nsc.Global$GlobalPhase.withCurrentUnit(Lscala/tools/nsc/CompilationUnits$CompilationUnit;Lscala/Function0;)V (227 bytes) @ 0x0000000105d7d074 [0x0000000105d7c860+0x814]
J 9038 C1 scala.tools.nsc.Global$GlobalPhase.applyPhase(Lscala/tools/nsc/CompilationUnits$CompilationUnit;)V (15 bytes) @ 0x0000000105a5f6b4 [0x0000000105a5f5c0+0xf4]
j  scala.tools.nsc.interactive.Global$TyperRun$$anonfun$applyPhase$1.apply()V+11
j  scala.tools.nsc.interactive.Global$TyperRun$$anonfun$applyPhase$1.apply()Ljava/lang/Object;+1
J 9532 C2 scala.reflect.internal.SymbolTable.enteringPhase(Lscala/reflect/internal/Phase;Lscala/Function0;)Ljava/lang/Object; (28 bytes) @ 0x0000000105c0c2b4 [0x0000000105c0c140+0x174]
j  scala.tools.nsc.interactive.Global$TyperRun.applyPhase(Lscala/reflect/internal/Phase;Lscala/tools/nsc/CompilationUnits$CompilationUnit;)V+15
j  scala.tools.nsc.interactive.Global$TyperRun.typeCheck(Lscala/tools/nsc/CompilationUnits$CompilationUnit;)V+6
j  scala.tools.nsc.interactive.Global.typeCheck(Lscala/tools/nsc/interactive/RichCompilationUnits$RichCompilationUnit;)V+107
j  scala.tools.nsc.interpreter.PresentationCompilation$$anonfun$presentationCompile$1.apply()V+8
j  scala.tools.nsc.interpreter.PresentationCompilation$$anonfun$presentationCompile$1.apply()Ljava/lang/Object;+1
J 9532 C2 scala.reflect.internal.SymbolTable.enteringPhase(Lscala/reflect/internal/Phase;Lscala/Function0;)Ljava/lang/Object; (28 bytes) @ 0x0000000105c0c2b4 [0x0000000105c0c140+0x174]
j  scala.tools.nsc.interpreter.PresentationCompilation$class.presentationCompile(Lscala/tools/nsc/interpreter/IMain;Ljava/lang/String;)Lscala/util/Either;+240
j  scala.tools.nsc.interpreter.IMain.presentationCompile(Ljava/lang/String;)Lscala/util/Either;+2
j  scala.tools.nsc.interpreter.PresentationCompilerCompleter.complete(Ljava/lang/String;I)Lscala/tools/nsc/interpreter/Completion$Candidates;+156
j  scala.tools.nsc.interpreter.jline.JLineConsoleReader$$anon$1.complete(Ljava/lang/String;ILjava/util/List;)I+19
j  jline.console.ConsoleReader.complete()Z+82
j  jline.console.ConsoleReader.readLine(Ljava/lang/String;Ljava/lang/Character;)Ljava/lang/String;+1892
j  jline.console.ConsoleReader.readLine(Ljava/lang/String;)Ljava/lang/String;+3
j  scala.tools.nsc.interpreter.jline.InteractiveReader.readOneLine(Ljava/lang/String;)Ljava/lang/String;+5
j  scala.tools.nsc.interpreter.InteractiveReader$$anonfun$readLine$2.apply()Ljava/lang/String;+8
j  scala.tools.nsc.interpreter.InteractiveReader$$anonfun$readLine$2.apply()Ljava/lang/Object;+1
j  scala.tools.nsc.interpreter.InteractiveReader$.restartSysCalls(Lscala/Function0;Lscala/Function0;)Ljava/lang/Object;+1
j  scala.tools.nsc.interpreter.InteractiveReader$class.readLine(Lscala/tools/nsc/interpreter/InteractiveReader;Ljava/lang/String;)Ljava/lang/String;+29
j  scala.tools.nsc.interpreter.jline.InteractiveReader.readLine(Ljava/lang/String;)Ljava/lang/String;+2
j  scala.tools.nsc.interpreter.ILoop.readOneLine()Ljava/lang/String;+15
j  scala.tools.nsc.interpreter.ILoop.loop()Lscala/Enumeration$Value;+1
j  scala.tools.nsc.interpreter.ILoop$$anonfun$process$1.apply$mcZ$sp()Z+133
j  scala.tools.nsc.interpreter.ILoop$$anonfun$process$1.apply()Z+1
j  scala.tools.nsc.interpreter.ILoop$$anonfun$process$1.apply()Ljava/lang/Object;+1
j  scala.reflect.internal.util.ScalaClassLoader$.savingContextLoader(Lscala/Function0;)Ljava/lang/Object;+6
j  scala.tools.nsc.interpreter.ILoop.process(Lscala/tools/nsc/Settings;)Z+12
j  scala.tools.nsc.MainGenericRunner.runTarget$1(Lscala/tools/nsc/GenericRunnerCommand;)Lscala/util/Either;+148
j  scala.tools.nsc.MainGenericRunner.run$1(Lscala/tools/nsc/GenericRunnerCommand;)Z+72
j  scala.tools.nsc.MainGenericRunner.process([Ljava/lang/String;)Z+78
j  scala.tools.nsc.MainGenericRunner$.main([Ljava/lang/String;)V+2
j  scala.tools.nsc.MainGenericRunner.main([Ljava/lang/String;)V+4
v  ~StubRoutines::call_stub

---------------  P R O C E S S  ---------------

Java Threads: ( => current thread )
  0x00007f89c1671800 JavaThread "Scala Presentation Compiler []" daemon [_thread_blocked, id=25463, stack(0x0000700000932000,0x0000700000a32000)]
  0x00007f89c0b4d000 JavaThread "process reaper" daemon [_thread_blocked, id=19743, stack(0x0000700000097000,0x00007000000bf000)]
  0x00007f89c335a000 JavaThread "Thread-7" daemon [_thread_blocked, id=24835, stack(0x000070000188d000,0x000070000198d000)]
  0x00007f89c0f04800 JavaThread "Thread-6" daemon [_thread_in_native, id=24323, stack(0x000070000178a000,0x000070000188a000)]
  0x00007f89c273f000 JavaThread "Thread-5" daemon [_thread_blocked, id=23811, stack(0x0000700001687000,0x0000700001787000)]
  0x00007f89c1259000 JavaThread "Thread-4" daemon [_thread_blocked, id=23299, stack(0x0000700001584000,0x0000700001684000)]
  0x00007f89c1555000 JavaThread "Thread-3" daemon [_thread_blocked, id=22787, stack(0x0000700001481000,0x0000700001581000)]
  0x00007f89c2740000 JavaThread "Thread-2" daemon [_thread_blocked, id=22275, stack(0x000070000137e000,0x000070000147e000)]
  0x00007f89c38c5000 JavaThread "cluster-ClusterId{value='57d7b4965e19017ee95980dc', description='null'}-localhost:27017" daemon [_thread_blocked, id=21775, stack(0x000070000127b000,0x000070000137b000)]
  0x00007f89c0abd800 JavaThread "ForkJoinPool-1-worker-5" daemon [_thread_blocked, id=20739, stack(0x0000700001178000,0x0000700001278000)]
  0x00007f89c19c0000 JavaThread "NonBlockingInputStreamThread" daemon [_thread_blocked, id=20227, stack(0x0000700001075000,0x0000700001175000)]
  0x00007f89c106f800 JavaThread "Service Thread" daemon [_thread_blocked, id=18691, stack(0x0000700000e44000,0x0000700000f44000)]
  0x00007f89c1066800 JavaThread "C1 CompilerThread2" daemon [_thread_blocked, id=18179, stack(0x0000700000d41000,0x0000700000e41000)]
  0x00007f89c1066000 JavaThread "C2 CompilerThread1" daemon [_thread_in_native, id=17667, stack(0x0000700000c3e000,0x0000700000d3e000)]
  0x00007f89c1064800 JavaThread "C2 CompilerThread0" daemon [_thread_blocked, id=17155, stack(0x0000700000b3b000,0x0000700000c3b000)]
  0x00007f89c107a800 JavaThread "Signal Dispatcher" daemon [_thread_blocked, id=12815, stack(0x0000700000a38000,0x0000700000b38000)]
  0x00007f89c0834800 JavaThread "Finalizer" daemon [_thread_blocked, id=12291, stack(0x000070000082f000,0x000070000092f000)]
  0x00007f89c080b000 JavaThread "Reference Handler" daemon [_thread_blocked, id=11779, stack(0x000070000072c000,0x000070000082c000)]
=>0x00007f89c1008800 JavaThread "main" [_thread_in_native, id=3335, stack(0x000070000011a000,0x000070000021a000)]

Other Threads:
  0x00007f89c1033800 VMThread [stack: 0x0000700000629000,0x0000700000729000] [id=11267]
  0x00007f89c107b800 WatcherThread [stack: 0x0000700000f47000,0x0000700001047000] [id=19203]

VM state:not at safepoint (normal execution)

VM Mutex/Monitor currently owned by a thread: None

Heap:
 PSYoungGen      total 66048K, used 41308K [0x00000007bab00000, 0x00000007c0000000, 0x00000007c0000000)
  eden space 46592K, 81% used [0x00000007bab00000,0x00000007bcff7318,0x00000007bd880000)
  from space 19456K, 17% used [0x00000007bec00000,0x00000007bef60010,0x00000007bff00000)
  to   space 19968K, 0% used [0x00000007bd880000,0x00000007bd880000,0x00000007bec00000)
 ParOldGen       total 103424K, used 83443K [0x00000007b0000000, 0x00000007b6500000, 0x00000007bab00000)
  object space 103424K, 80% used [0x00000007b0000000,0x00000007b517cf08,0x00000007b6500000)
 Metaspace       used 48973K, capacity 49315K, committed 49536K, reserved 1091584K
  class space    used 6573K, capacity 6673K, committed 6784K, reserved 1048576K

Card table byte_map: [0x000000011434f000,0x00000001143d0000] byte_map_base: 0x00000001105cf000

Marking Bits: (ParMarkBitMap*) 0x00000001048e3ea0
 Begin Bits: [0x0000000114426000, 0x0000000114826000)
 End Bits:   [0x0000000114826000, 0x0000000114c26000)

Polling page: 0x00000001037dd000

CodeCache: size=245760Kb used=38175Kb max_used=38690Kb free=207584Kb
 bounds [0x0000000104f8f000, 0x000000010759f000, 0x0000000113f8f000]
 total_blobs=11488 nmethods=11037 adapters=355
 compilation: enabled

Compilation events (10 events):
Event: 3389.022 Thread 0x00007f89c1066000 nmethod 15280 0x0000000105ed0990 code [0x0000000105ed0b00, 0x0000000105ed0d58]
Event: 3389.022 Thread 0x00007f89c1066800 nmethod 15281 0x000000010679c090 code [0x000000010679c340, 0x000000010679d938]
Event: 3389.022 Thread 0x00007f89c1066800 15282       3       scala.tools.nsc.symtab.SymbolLoaders$ClassfileLoader$classfileParser$::lookupMemberAtTyperPhaseIfPossible (13 bytes)
Event: 3389.023 Thread 0x00007f89c1066800 nmethod 15282 0x0000000105562f10 code [0x0000000105563080, 0x00000001055632c8]
Event: 3389.023 Thread 0x00007f89c1066800 15283       3       scala.tools.nsc.GlobalSymbolLoaders::lookupMemberAtTyperPhaseIfPossible (56 bytes)
Event: 3389.024 Thread 0x00007f89c1066800 nmethod 15283 0x0000000106872350 code [0x0000000106872660, 0x00000001068749f8]
Event: 3389.026 Thread 0x00007f89c1066000 15284       4       scala.tools.nsc.Global$GlobalPhase::refChecked (5 bytes)
Event: 3389.026 Thread 0x00007f89c1066000 nmethod 15284 0x00000001055c3450 code [0x00000001055c35a0, 0x00000001055c35f8]
Event: 3389.026 Thread 0x00007f89c1064800 nmethod 15279 0x0000000105b2add0 code [0x0000000105b2afe0, 0x0000000105b2bd88]
Event: 3389.026 Thread 0x00007f89c1066000 15285       4       scala.reflect.internal.Types$SingleType::<init> (34 bytes)

GC Heap History (10 events):
Event: 1617.400 GC heap before
{Heap before GC invocations=57 (full 3):
 PSYoungGen      total 63488K, used 48247K [0x00000007bab00000, 0x00000007bff00000, 0x00000007c0000000)
  eden space 43008K, 100% used [0x00000007bab00000,0x00000007bd500000,0x00000007bd500000)
  from space 20480K, 25% used [0x00000007bd500000,0x00000007bda1dca8,0x00000007be900000)
  to   space 20992K, 0% used [0x00000007bea80000,0x00000007bea80000,0x00000007bff00000)
 ParOldGen       total 103424K, used 83083K [0x00000007b0000000, 0x00000007b6500000, 0x00000007bab00000)
  object space 103424K, 80% used [0x00000007b0000000,0x00000007b5122ef8,0x00000007b6500000)
 Metaspace       used 48354K, capacity 48643K, committed 48896K, reserved 1091584K
  class space    used 6551K, capacity 6641K, committed 6656K, reserved 1048576K
Event: 1617.407 GC heap after
Heap after GC invocations=57 (full 3):
 PSYoungGen      total 64000K, used 8561K [0x00000007bab00000, 0x00000007bfe00000, 0x00000007c0000000)
  eden space 44032K, 0% used [0x00000007bab00000,0x00000007bab00000,0x00000007bd600000)
  from space 19968K, 42% used [0x00000007bea80000,0x00000007bf2dc600,0x00000007bfe00000)
  to   space 20480K, 0% used [0x00000007bd600000,0x00000007bd600000,0x00000007bea00000)
 ParOldGen       total 103424K, used 83115K [0x00000007b0000000, 0x00000007b6500000, 0x00000007bab00000)
  object space 103424K, 80% used [0x00000007b0000000,0x00000007b512aef8,0x00000007b6500000)
 Metaspace       used 48354K, capacity 48643K, committed 48896K, reserved 1091584K
  class space    used 6551K, capacity 6641K, committed 6656K, reserved 1048576K
}
Event: 1617.653 GC heap before
{Heap before GC invocations=58 (full 3):
 PSYoungGen      total 64000K, used 52593K [0x00000007bab00000, 0x00000007bfe00000, 0x00000007c0000000)
  eden space 44032K, 100% used [0x00000007bab00000,0x00000007bd600000,0x00000007bd600000)
  from space 19968K, 42% used [0x00000007bea80000,0x00000007bf2dc600,0x00000007bfe00000)
  to   space 20480K, 0% used [0x00000007bd600000,0x00000007bd600000,0x00000007bea00000)
 ParOldGen       total 103424K, used 83115K [0x00000007b0000000, 0x00000007b6500000, 0x00000007bab00000)
  object space 103424K, 80% used [0x00000007b0000000,0x00000007b512aef8,0x00000007b6500000)
 Metaspace       used 48374K, capacity 48643K, committed 48896K, reserved 1091584K
  class space    used 6551K, capacity 6641K, committed 6656K, reserved 1048576K
Event: 1617.662 GC heap after
Heap after GC invocations=58 (full 3):
 PSYoungGen      total 64512K, used 10299K [0x00000007bab00000, 0x00000007bfd80000, 0x00000007c0000000)
  eden space 44032K, 0% used [0x00000007bab00000,0x00000007bab00000,0x00000007bd600000)
  from space 20480K, 50% used [0x00000007bd600000,0x00000007be00ed08,0x00000007bea00000)
  to   space 19456K, 0% used [0x00000007bea80000,0x00000007bea80000,0x00000007bfd80000)
 ParOldGen       total 103424K, used 83139K [0x00000007b0000000, 0x00000007b6500000, 0x00000007bab00000)
  object space 103424K, 80% used [0x00000007b0000000,0x00000007b5130ef8,0x00000007b6500000)
 Metaspace       used 48374K, capacity 48643K, committed 48896K, reserved 1091584K
  class space    used 6551K, capacity 6641K, committed 6656K, reserved 1048576K
}
Event: 1617.882 GC heap before
{Heap before GC invocations=59 (full 3):
 PSYoungGen      total 64512K, used 54331K [0x00000007bab00000, 0x00000007bfd80000, 0x00000007c0000000)
  eden space 44032K, 100% used [0x00000007bab00000,0x00000007bd600000,0x00000007bd600000)
  from space 20480K, 50% used [0x00000007bd600000,0x00000007be00ed08,0x00000007bea00000)
  to   space 19456K, 0% used [0x00000007bea80000,0x00000007bea80000,0x00000007bfd80000)
 ParOldGen       total 103424K, used 83139K [0x00000007b0000000, 0x00000007b6500000, 0x00000007bab00000)
  object space 103424K, 80% used [0x00000007b0000000,0x00000007b5130ef8,0x00000007b6500000)
 Metaspace       used 48376K, capacity 48707K, committed 48896K, reserved 1091584K
  class space    used 6551K, capacity 6641K, committed 6656K, reserved 1048576K
Event: 1617.892 GC heap after
Heap after GC invocations=59 (full 3):
 PSYoungGen      total 65024K, used 12261K [0x00000007bab00000, 0x00000007bfe00000, 0x00000007c0000000)
  eden space 45568K, 0% used [0x00000007bab00000,0x00000007bab00000,0x00000007bd780000)
  from space 19456K, 63% used [0x00000007bea80000,0x00000007bf6794a8,0x00000007bfd80000)
  to   space 19456K, 0% used [0x00000007bd780000,0x00000007bd780000,0x00000007bea80000)
 ParOldGen       total 103424K, used 83155K [0x00000007b0000000, 0x00000007b6500000, 0x00000007bab00000)
  object space 103424K, 80% used [0x00000007b0000000,0x00000007b5134ef8,0x00000007b6500000)
 Metaspace       used 48376K, capacity 48707K, committed 48896K, reserved 1091584K
  class space    used 6551K, capacity 6641K, committed 6656K, reserved 1048576K
}
Event: 1660.445 GC heap before
{Heap before GC invocations=60 (full 3):
 PSYoungGen      total 65024K, used 57829K [0x00000007bab00000, 0x00000007bfe00000, 0x00000007c0000000)
  eden space 45568K, 100% used [0x00000007bab00000,0x00000007bd780000,0x00000007bd780000)
  from space 19456K, 63% used [0x00000007bea80000,0x00000007bf6794a8,0x00000007bfd80000)
  to   space 19456K, 0% used [0x00000007bd780000,0x00000007bd780000,0x00000007bea80000)
 ParOldGen       total 103424K, used 83155K [0x00000007b0000000, 0x00000007b6500000, 0x00000007bab00000)
  object space 103424K, 80% used [0x00000007b0000000,0x00000007b5134ef8,0x00000007b6500000)
 Metaspace       used 48566K, capacity 48867K, committed 49280K, reserved 1091584K
  class space    used 6566K, capacity 6673K, committed 6784K, reserved 1048576K
Event: 1660.450 GC heap after
Heap after GC invocations=60 (full 3):
 PSYoungGen      total 65024K, used 3744K [0x00000007bab00000, 0x00000007bff00000, 0x00000007c0000000)
  eden space 45568K, 0% used [0x00000007bab00000,0x00000007bab00000,0x00000007bd780000)
  from space 19456K, 19% used [0x00000007bd780000,0x00000007bdb28350,0x00000007bea80000)
  to   space 19456K, 0% used [0x00000007bec00000,0x00000007bec00000,0x00000007bff00000)
 ParOldGen       total 103424K, used 83171K [0x00000007b0000000, 0x00000007b6500000, 0x00000007bab00000)
  object space 103424K, 80% used [0x00000007b0000000,0x00000007b5138ef8,0x00000007b6500000)
 Metaspace       used 48566K, capacity 48867K, committed 49280K, reserved 1091584K
  class space    used 6566K, capacity 6673K, committed 6784K, reserved 1048576K
}
Event: 1879.228 GC heap before
{Heap before GC invocations=61 (full 3):
 PSYoungGen      total 65024K, used 49312K [0x00000007bab00000, 0x00000007bff00000, 0x00000007c0000000)
  eden space 45568K, 100% used [0x00000007bab00000,0x00000007bd780000,0x00000007bd780000)
  from space 19456K, 19% used [0x00000007bd780000,0x00000007bdb28350,0x00000007bea80000)
  to   space 19456K, 0% used [0x00000007bec00000,0x00000007bec00000,0x00000007bff00000)
 ParOldGen       total 103424K, used 83171K [0x00000007b0000000, 0x00000007b6500000, 0x00000007bab00000)
  object space 103424K, 80% used [0x00000007b0000000,0x00000007b5138ef8,0x00000007b6500000)
 Metaspace       used 48788K, capacity 49123K, committed 49536K, reserved 1091584K
  class space    used 6571K, capacity 6673K, committed 6784K, reserved 1048576K
Event: 1879.234 GC heap after
Heap after GC invocations=61 (full 3):
 PSYoungGen      total 66048K, used 3456K [0x00000007bab00000, 0x00000007c0000000, 0x00000007c0000000)
  eden space 46592K, 0% used [0x00000007bab00000,0x00000007bab00000,0x00000007bd880000)
  from space 19456K, 17% used [0x00000007bec00000,0x00000007bef60010,0x00000007bff00000)
  to   space 19968K, 0% used [0x00000007bd880000,0x00000007bd880000,0x00000007bec00000)
 ParOldGen       total 103424K, used 83443K [0x00000007b0000000, 0x00000007b6500000, 0x00000007bab00000)
  object space 103424K, 80% used [0x00000007b0000000,0x00000007b517cf08,0x00000007b6500000)
 Metaspace       used 48788K, capacity 49123K, committed 49536K, reserved 1091584K
  class space    used 6571K, capacity 6673K, committed 6784K, reserved 1048576K
}

Deoptimization events (10 events):
Event: 1660.194 Thread 0x00007f89c1008800 Uncommon trap: reason=speculate_class_check action=maybe_recompile pc=0x00000001063950a4 method=scala.collection.immutable.List.map(Lscala/Function1;Lscala/collection/generic/CanBuildFrom;)Ljava/lang/Object; @ 48
Event: 1660.263 Thread 0x00007f89c1008800 Uncommon trap: reason=class_check action=maybe_recompile pc=0x0000000106155888 method=scala.reflect.internal.Types$Type.firstParent()Lscala/reflect/internal/Types$Type; @ 1
Event: 1660.285 Thread 0x00007f89c1008800 Uncommon trap: reason=unstable_if action=reinterpret pc=0x0000000106e149ec method=scala.reflect.internal.Types$class.isRawIfWithoutArgs(Lscala/reflect/internal/SymbolTable;Lscala/reflect/internal/Symbols$Symbol;)Z @ 4
Event: 1660.366 Thread 0x00007f89c1008800 Uncommon trap: reason=unstable_if action=reinterpret pc=0x00000001070fb870 method=scala.reflect.internal.Symbols$Symbol.needsModuleSuffix()Z @ 11
Event: 1660.384 Thread 0x00007f89c1008800 Uncommon trap: reason=class_check action=maybe_recompile pc=0x0000000106a2d8dc method=scala.reflect.internal.Types$class.appliedType(Lscala/reflect/internal/SymbolTable;Lscala/reflect/internal/Types$Type;Lscala/collection/immutable/List;)Lscala/reflect/in
Event: 1661.358 Thread 0x00007f89c1008800 Uncommon trap: reason=class_check action=maybe_recompile pc=0x0000000106a2d8dc method=scala.reflect.internal.Types$class.appliedType(Lscala/reflect/internal/SymbolTable;Lscala/reflect/internal/Types$Type;Lscala/collection/immutable/List;)Lscala/reflect/in
Event: 1661.430 Thread 0x00007f89c1008800 Uncommon trap: reason=class_check action=maybe_recompile pc=0x0000000106a2d8dc method=scala.reflect.internal.Types$class.appliedType(Lscala/reflect/internal/SymbolTable;Lscala/reflect/internal/Types$Type;Lscala/collection/immutable/List;)Lscala/reflect/in
Event: 1810.794 Thread 0x00007f89c1008800 Uncommon trap: reason=class_check action=maybe_recompile pc=0x0000000106155888 method=scala.reflect.internal.Types$Type.firstParent()Lscala/reflect/internal/Types$Type; @ 1
Event: 1810.898 Thread 0x00007f89c1008800 Uncommon trap: reason=bimorphic action=maybe_recompile pc=0x0000000107020550 method=scala.reflect.internal.Symbols$Symbol.needsModuleSuffix()Z @ 8
Event: 1810.898 Thread 0x00007f89c1008800 Uncommon trap: reason=unstable_if action=reinterpret pc=0x0000000107020640 method=scala.reflect.internal.Symbols$Symbol.needsModuleSuffix()Z @ 11

Internal exceptions (10 events):
Event: 23.498 Thread 0x00007f89c1008800 Exception <a 'java/lang/ArrayIndexOutOfBoundsException'> (0x00000007bb5c6ff8) thrown at [/Users/java_re/workspace/8-2-build-macosx-x86_64/jdk8u71/5731/hotspot/src/share/vm/runtime/sharedRuntime.cpp, line 605]
Event: 23.509 Thread 0x00007f89c1008800 Exception <a 'java/lang/ArrayIndexOutOfBoundsException'> (0x00000007bb5eefe0) thrown at [/Users/java_re/workspace/8-2-build-macosx-x86_64/jdk8u71/5731/hotspot/src/share/vm/runtime/sharedRuntime.cpp, line 605]
Event: 23.509 Thread 0x00007f89c1008800 Exception <a 'java/lang/ArrayIndexOutOfBoundsException'> (0x00000007bb5f08f8) thrown at [/Users/java_re/workspace/8-2-build-macosx-x86_64/jdk8u71/5731/hotspot/src/share/vm/runtime/sharedRuntime.cpp, line 605]
Event: 23.518 Thread 0x00007f89c1008800 Exception <a 'java/lang/ArrayIndexOutOfBoundsException'> (0x00000007bb6162d0) thrown at [/Users/java_re/workspace/8-2-build-macosx-x86_64/jdk8u71/5731/hotspot/src/share/vm/runtime/sharedRuntime.cpp, line 605]
Event: 23.525 Thread 0x00007f89c1008800 Exception <a 'java/lang/ArrayIndexOutOfBoundsException'> (0x00000007bb626bb8) thrown at [/Users/java_re/workspace/8-2-build-macosx-x86_64/jdk8u71/5731/hotspot/src/share/vm/runtime/sharedRuntime.cpp, line 605]
Event: 23.548 Thread 0x00007f89c1008800 Implicit null exception at 0x0000000105142df5 to 0x0000000105143161
Event: 769.513 Thread 0x00007f89c1008800 Implicit null exception at 0x00000001058f9c78 to 0x00000001058f9da5
Event: 1441.525 Thread 0x00007f89c1008800 Implicit null exception at 0x0000000106c87419 to 0x0000000106c8c509
Event: 1462.536 Thread 0x00007f89c1008800 Implicit null exception at 0x00000001069d918d to 0x00000001069da0ed
Event: 1526.994 Thread 0x00007f89c1008800 Implicit null exception at 0x0000000105930215 to 0x0000000105930419

Events (10 events):
Event: 3388.280 Thread 0x00007f89c1066800 flushing nmethod 0x0000000106800e50
Event: 3388.282 Thread 0x00007f89c1066800 flushing nmethod 0x00000001069ec4d0
Event: 3388.282 Thread 0x00007f89c1066800 flushing nmethod 0x00000001069f5010
Event: 3388.282 Thread 0x00007f89c1066800 flushing nmethod 0x00000001069f5610
Event: 3388.282 Thread 0x00007f89c1066800 flushing nmethod 0x00000001069fb610
Event: 3388.282 Thread 0x00007f89c1066800 flushing nmethod 0x00000001069fe910
Event: 3388.282 Thread 0x00007f89c1066800 flushing nmethod 0x0000000106c3b7d0
Event: 3388.966 Thread 0x00007f89c1066800 flushing nmethod 0x0000000106e421d0
Event: 3388.967 Thread 0x00007f89c1066800 flushing nmethod 0x0000000106fe1990
Event: 3388.994 Thread 0x00007f89c1671800 Thread added: 0x00007f89c1671800


Dynamic libraries:
0x0000000002916000 	/System/Library/Frameworks/Cocoa.framework/Versions/A/Cocoa
0x0000000002916000 	/System/Library/Frameworks/Security.framework/Versions/A/Security
0x0000000002916000 	/System/Library/Frameworks/ApplicationServices.framework/Versions/A/ApplicationServices
0x0000000002916000 	/usr/lib/libz.1.dylib
0x0000000002916000 	/usr/lib/libSystem.B.dylib
0x0000000002916000 	/usr/lib/libobjc.A.dylib
0x0000000002916000 	/System/Library/Frameworks/CoreFoundation.framework/Versions/A/CoreFoundation
0x0000000002916000 	/System/Library/Frameworks/Foundation.framework/Versions/C/Foundation
0x0000000002916000 	/System/Library/Frameworks/AppKit.framework/Versions/C/AppKit
0x0000000002916000 	/System/Library/Frameworks/CoreData.framework/Versions/A/CoreData
0x0000000002916000 	/System/Library/PrivateFrameworks/RemoteViewServices.framework/Versions/A/RemoteViewServices
0x0000000002916000 	/System/Library/PrivateFrameworks/UIFoundation.framework/Versions/A/UIFoundation
0x0000000002916000 	/usr/lib/libScreenReader.dylib
0x0000000002916000 	/System/Library/Frameworks/Accelerate.framework/Versions/A/Accelerate
0x0000000002916000 	/System/Library/Frameworks/IOSurface.framework/Versions/A/IOSurface
0x0000000002916000 	/System/Library/Frameworks/AudioToolbox.framework/Versions/A/AudioToolbox
0x0000000002916000 	/System/Library/Frameworks/AudioUnit.framework/Versions/A/AudioUnit
0x0000000002916000 	/System/Library/PrivateFrameworks/DataDetectorsCore.framework/Versions/A/DataDetectorsCore
0x0000000002916000 	/System/Library/PrivateFrameworks/DesktopServicesPriv.framework/Versions/A/DesktopServicesPriv
0x0000000002916000 	/System/Library/Frameworks/Carbon.framework/Versions/A/Frameworks/HIToolbox.framework/Versions/A/HIToolbox
0x0000000002916000 	/System/Library/Frameworks/QuartzCore.framework/Versions/A/QuartzCore
0x0000000002916000 	/System/Library/Frameworks/Carbon.framework/Versions/A/Frameworks/SpeechRecognition.framework/Versions/A/SpeechRecognition
0x0000000002916000 	/usr/lib/libauto.dylib
0x0000000002916000 	/usr/lib/libicucore.A.dylib
0x0000000002916000 	/usr/lib/libxml2.2.dylib
0x0000000002916000 	/System/Library/PrivateFrameworks/CoreUI.framework/Versions/A/CoreUI
0x0000000002916000 	/System/Library/Frameworks/CoreAudio.framework/Versions/A/CoreAudio
0x0000000002916000 	/System/Library/Frameworks/DiskArbitration.framework/Versions/A/DiskArbitration
0x0000000002916000 	/usr/lib/liblangid.dylib
0x0000000002916000 	/System/Library/PrivateFrameworks/MultitouchSupport.framework/Versions/A/MultitouchSupport
0x0000000002916000 	/System/Library/Frameworks/IOKit.framework/Versions/A/IOKit
0x0000000002916000 	/usr/lib/libDiagnosticMessagesClient.dylib
0x0000000002916000 	/System/Library/Frameworks/CoreServices.framework/Versions/A/CoreServices
0x0000000002916000 	/System/Library/PrivateFrameworks/PerformanceAnalysis.framework/Versions/A/PerformanceAnalysis
0x0000000002916000 	/System/Library/PrivateFrameworks/GenerationalStorage.framework/Versions/A/GenerationalStorage
0x0000000002916000 	/System/Library/Frameworks/OpenGL.framework/Versions/A/OpenGL
0x0000000002916000 	/System/Library/PrivateFrameworks/Sharing.framework/Versions/A/Sharing
0x0000000002916000 	/System/Library/Frameworks/CoreGraphics.framework/Versions/A/CoreGraphics
0x0000000002916000 	/System/Library/Frameworks/CoreImage.framework/Versions/A/CoreImage
0x0000000002916000 	/System/Library/Frameworks/CoreText.framework/Versions/A/CoreText
0x0000000002916000 	/System/Library/Frameworks/ImageIO.framework/Versions/A/ImageIO
0x0000000002916000 	/System/Library/PrivateFrameworks/Backup.framework/Versions/A/Backup
0x0000000002916000 	/usr/lib/libextension.dylib
0x0000000002916000 	/usr/lib/libarchive.2.dylib
0x0000000002916000 	/System/Library/Frameworks/CFNetwork.framework/Versions/A/CFNetwork
0x0000000002916000 	/System/Library/Frameworks/SystemConfiguration.framework/Versions/A/SystemConfiguration
0x0000000002916000 	/usr/lib/libCRFSuite.dylib
0x0000000002916000 	/usr/lib/libc++.1.dylib
0x0000000002916000 	/usr/lib/libc++abi.dylib
0x0000000002916000 	/usr/lib/system/libcache.dylib
0x0000000002916000 	/usr/lib/system/libcommonCrypto.dylib
0x0000000002916000 	/usr/lib/system/libcompiler_rt.dylib
0x0000000002916000 	/usr/lib/system/libcopyfile.dylib
0x0000000002916000 	/usr/lib/system/libcorecrypto.dylib
0x0000000002916000 	/usr/lib/system/libdispatch.dylib
0x0000000002916000 	/usr/lib/system/libdyld.dylib
0x0000000002916000 	/usr/lib/system/libkeymgr.dylib
0x0000000002916000 	/usr/lib/system/liblaunch.dylib
0x0000000002916000 	/usr/lib/system/libmacho.dylib
0x0000000002916000 	/usr/lib/system/libquarantine.dylib
0x0000000002916000 	/usr/lib/system/libremovefile.dylib
0x0000000002916000 	/usr/lib/system/libsystem_asl.dylib
0x0000000002916000 	/usr/lib/system/libsystem_blocks.dylib
0x0000000002916000 	/usr/lib/system/libsystem_c.dylib
0x0000000002916000 	/usr/lib/system/libsystem_configuration.dylib
0x0000000002916000 	/usr/lib/system/libsystem_coreservices.dylib
0x0000000002916000 	/usr/lib/system/libsystem_coretls.dylib
0x0000000002916000 	/usr/lib/system/libsystem_dnssd.dylib
0x0000000002916000 	/usr/lib/system/libsystem_info.dylib
0x0000000002916000 	/usr/lib/system/libsystem_kernel.dylib
0x0000000002916000 	/usr/lib/system/libsystem_m.dylib
0x0000000002916000 	/usr/lib/system/libsystem_malloc.dylib
0x0000000002916000 	/usr/lib/system/libsystem_network.dylib
0x0000000002916000 	/usr/lib/system/libsystem_networkextension.dylib
0x0000000002916000 	/usr/lib/system/libsystem_notify.dylib
0x0000000002916000 	/usr/lib/system/libsystem_platform.dylib
0x0000000002916000 	/usr/lib/system/libsystem_pthread.dylib
0x0000000002916000 	/usr/lib/system/libsystem_sandbox.dylib
0x0000000002916000 	/usr/lib/system/libsystem_secinit.dylib
0x0000000002916000 	/usr/lib/system/libsystem_trace.dylib
0x0000000002916000 	/usr/lib/system/libunc.dylib
0x0000000002916000 	/usr/lib/system/libunwind.dylib
0x0000000002916000 	/usr/lib/system/libxpc.dylib
0x0000000002916000 	/usr/lib/libenergytrace.dylib
0x0000000002916000 	/usr/lib/libbsm.0.dylib
0x0000000002916000 	/usr/lib/system/libkxld.dylib
0x0000000002916000 	/usr/lib/libxar.1.dylib
0x0000000002916000 	/usr/lib/libsqlite3.dylib
0x0000000002916000 	/usr/lib/libpam.2.dylib
0x0000000002916000 	/usr/lib/libOpenScriptingUtil.dylib
0x0000000002916000 	/usr/lib/libbz2.1.0.dylib
0x0000000002916000 	/usr/lib/liblzma.5.dylib
0x0000000002916000 	/System/Library/Frameworks/CoreServices.framework/Versions/A/Frameworks/FSEvents.framework/Versions/A/FSEvents
0x0000000002916000 	/System/Library/Frameworks/CoreServices.framework/Versions/A/Frameworks/CarbonCore.framework/Versions/A/CarbonCore
0x0000000002916000 	/System/Library/Frameworks/CoreServices.framework/Versions/A/Frameworks/Metadata.framework/Versions/A/Metadata
0x0000000002916000 	/System/Library/Frameworks/CoreServices.framework/Versions/A/Frameworks/OSServices.framework/Versions/A/OSServices
0x0000000002916000 	/System/Library/Frameworks/CoreServices.framework/Versions/A/Frameworks/SearchKit.framework/Versions/A/SearchKit
0x0000000002916000 	/System/Library/Frameworks/CoreServices.framework/Versions/A/Frameworks/AE.framework/Versions/A/AE
0x0000000002916000 	/System/Library/Frameworks/CoreServices.framework/Versions/A/Frameworks/LaunchServices.framework/Versions/A/LaunchServices
0x0000000002916000 	/System/Library/Frameworks/CoreServices.framework/Versions/A/Frameworks/DictionaryServices.framework/Versions/A/DictionaryServices
0x0000000002916000 	/System/Library/Frameworks/CoreServices.framework/Versions/A/Frameworks/SharedFileList.framework/Versions/A/SharedFileList
0x0000000002916000 	/System/Library/Frameworks/NetFS.framework/Versions/A/NetFS
0x0000000002916000 	/System/Library/PrivateFrameworks/NetAuth.framework/Versions/A/NetAuth
0x0000000002916000 	/System/Library/PrivateFrameworks/login.framework/Versions/A/Frameworks/loginsupport.framework/Versions/A/loginsupport
0x0000000002916000 	/System/Library/PrivateFrameworks/TCC.framework/Versions/A/TCC
0x0000000002916000 	/usr/lib/libmecabra.dylib
0x0000000002916000 	/System/Library/Frameworks/ApplicationServices.framework/Versions/A/Frameworks/ATS.framework/Versions/A/ATS
0x0000000002916000 	/System/Library/Frameworks/ApplicationServices.framework/Versions/A/Frameworks/ColorSync.framework/Versions/A/ColorSync
0x0000000002916000 	/System/Library/Frameworks/ApplicationServices.framework/Versions/A/Frameworks/HIServices.framework/Versions/A/HIServices
0x0000000002916000 	/System/Library/Frameworks/ApplicationServices.framework/Versions/A/Frameworks/LangAnalysis.framework/Versions/A/LangAnalysis
0x0000000002916000 	/System/Library/Frameworks/ApplicationServices.framework/Versions/A/Frameworks/PrintCore.framework/Versions/A/PrintCore
0x0000000002916000 	/System/Library/Frameworks/ApplicationServices.framework/Versions/A/Frameworks/QD.framework/Versions/A/QD
0x0000000002916000 	/System/Library/Frameworks/ApplicationServices.framework/Versions/A/Frameworks/SpeechSynthesis.framework/Versions/A/SpeechSynthesis
0x0000000002916000 	/System/Library/Frameworks/Metal.framework/Versions/A/Metal
0x0000000002916000 	/System/Library/Frameworks/Accelerate.framework/Versions/A/Frameworks/vImage.framework/Versions/A/vImage
0x0000000002916000 	/System/Library/Frameworks/Accelerate.framework/Versions/A/Frameworks/vecLib.framework/Versions/A/vecLib
0x0000000002916000 	/System/Library/Frameworks/Accelerate.framework/Versions/A/Frameworks/vecLib.framework/Versions/A/libvDSP.dylib
0x0000000002916000 	/System/Library/Frameworks/Accelerate.framework/Versions/A/Frameworks/vecLib.framework/Versions/A/libvMisc.dylib
0x0000000002916000 	/System/Library/Frameworks/Accelerate.framework/Versions/A/Frameworks/vecLib.framework/Versions/A/libLAPACK.dylib
0x0000000002916000 	/System/Library/Frameworks/Accelerate.framework/Versions/A/Frameworks/vecLib.framework/Versions/A/libBLAS.dylib
0x0000000002916000 	/System/Library/Frameworks/Accelerate.framework/Versions/A/Frameworks/vecLib.framework/Versions/A/libLinearAlgebra.dylib
0x0000000002916000 	/System/Library/Frameworks/Accelerate.framework/Versions/A/Frameworks/vecLib.framework/Versions/A/libSparseBLAS.dylib
0x0000000002916000 	/System/Library/PrivateFrameworks/GPUCompiler.framework/libmetal_timestamp.dylib
0x0000000002916000 	/System/Library/Frameworks/OpenGL.framework/Versions/A/Libraries/libCoreFSCache.dylib
0x0000000002916000 	/System/Library/PrivateFrameworks/IOAccelerator.framework/Versions/A/IOAccelerator
0x0000000002916000 	/System/Library/Frameworks/ApplicationServices.framework/Versions/A/Frameworks/ATS.framework/Versions/A/Resources/libFontParser.dylib
0x0000000002916000 	/System/Library/Frameworks/ApplicationServices.framework/Versions/A/Frameworks/ATS.framework/Versions/A/Resources/libFontRegistry.dylib
0x0000000002916000 	/System/Library/PrivateFrameworks/AppleVPA.framework/Versions/A/AppleVPA
0x0000000002916000 	/System/Library/PrivateFrameworks/AppleJPEG.framework/Versions/A/AppleJPEG
0x0000000002916000 	/System/Library/Frameworks/ImageIO.framework/Versions/A/Resources/libJPEG.dylib
0x0000000002916000 	/System/Library/Frameworks/ImageIO.framework/Versions/A/Resources/libTIFF.dylib
0x0000000002916000 	/System/Library/Frameworks/ImageIO.framework/Versions/A/Resources/libPng.dylib
0x0000000002916000 	/System/Library/Frameworks/ImageIO.framework/Versions/A/Resources/libGIF.dylib
0x0000000002916000 	/System/Library/Frameworks/ImageIO.framework/Versions/A/Resources/libJP2.dylib
0x0000000002916000 	/System/Library/Frameworks/ImageIO.framework/Versions/A/Resources/libRadiance.dylib
0x0000000002916000 	/System/Library/Frameworks/CoreVideo.framework/Versions/A/CoreVideo
0x0000000002916000 	/System/Library/Frameworks/OpenGL.framework/Versions/A/Libraries/libGLU.dylib
0x0000000002916000 	/System/Library/Frameworks/OpenGL.framework/Versions/A/Libraries/libGFXShared.dylib
0x0000000002916000 	/System/Library/Frameworks/OpenGL.framework/Versions/A/Libraries/libGL.dylib
0x0000000002916000 	/System/Library/Frameworks/OpenGL.framework/Versions/A/Libraries/libGLImage.dylib
0x0000000002916000 	/System/Library/Frameworks/OpenGL.framework/Versions/A/Libraries/libCVMSPluginSupport.dylib
0x0000000002916000 	/System/Library/Frameworks/OpenGL.framework/Versions/A/Libraries/libCoreVMClient.dylib
0x0000000002916000 	/usr/lib/libcompression.dylib
0x0000000002916000 	/usr/lib/libcups.2.dylib
0x0000000002916000 	/System/Library/Frameworks/Kerberos.framework/Versions/A/Kerberos
0x0000000002916000 	/System/Library/Frameworks/GSS.framework/Versions/A/GSS
0x0000000002916000 	/usr/lib/libresolv.9.dylib
0x0000000002916000 	/usr/lib/libiconv.2.dylib
0x0000000002916000 	/System/Library/PrivateFrameworks/Heimdal.framework/Versions/A/Heimdal
0x0000000002916000 	/usr/lib/libheimdal-asn1.dylib
0x0000000002916000 	/System/Library/Frameworks/OpenDirectory.framework/Versions/A/OpenDirectory
0x0000000002916000 	/System/Library/PrivateFrameworks/CommonAuth.framework/Versions/A/CommonAuth
0x0000000002916000 	/System/Library/Frameworks/OpenDirectory.framework/Versions/A/Frameworks/CFOpenDirectory.framework/Versions/A/CFOpenDirectory
0x0000000002916000 	/System/Library/Frameworks/SecurityFoundation.framework/Versions/A/SecurityFoundation
0x0000000002916000 	/System/Library/PrivateFrameworks/LanguageModeling.framework/Versions/A/LanguageModeling
0x0000000002916000 	/usr/lib/libmarisa.dylib
0x0000000002916000 	/usr/lib/libChineseTokenizer.dylib
0x0000000002916000 	/usr/lib/libcmph.dylib
0x0000000002916000 	/System/Library/Frameworks/ServiceManagement.framework/Versions/A/ServiceManagement
0x0000000002916000 	/usr/lib/libxslt.1.dylib
0x0000000002916000 	/System/Library/Frameworks/Carbon.framework/Versions/A/Frameworks/Ink.framework/Versions/A/Ink
0x0000000002916000 	/usr/lib/libFosl_dynamic.dylib
0x0000000002916000 	/System/Library/PrivateFrameworks/FaceCore.framework/Versions/A/FaceCore
0x0000000002916000 	/System/Library/Frameworks/OpenCL.framework/Versions/A/OpenCL
0x0000000002916000 	/System/Library/PrivateFrameworks/CrashReporterSupport.framework/Versions/A/CrashReporterSupport
0x0000000002916000 	/System/Library/PrivateFrameworks/IconServices.framework/Versions/A/IconServices
0x0000000002916000 	/System/Library/PrivateFrameworks/Apple80211.framework/Versions/A/Apple80211
0x0000000002916000 	/System/Library/Frameworks/CoreWLAN.framework/Versions/A/CoreWLAN
0x0000000002916000 	/System/Library/Frameworks/IOBluetooth.framework/Versions/A/IOBluetooth
0x0000000002916000 	/System/Library/PrivateFrameworks/CoreWiFi.framework/Versions/A/CoreWiFi
0x0000000002916000 	/System/Library/Frameworks/CoreBluetooth.framework/Versions/A/CoreBluetooth
0x0000000002916000 	/System/Library/PrivateFrameworks/ChunkingLibrary.framework/Versions/A/ChunkingLibrary
0x0000000002916000 	/System/Library/PrivateFrameworks/DebugSymbols.framework/Versions/A/DebugSymbols
0x0000000002916000 	/System/Library/PrivateFrameworks/CoreSymbolication.framework/Versions/A/CoreSymbolication
0x0000000002916000 	/System/Library/PrivateFrameworks/Symbolication.framework/Versions/A/Symbolication
0x0000000002916000 	/System/Library/PrivateFrameworks/SpeechRecognitionCore.framework/Versions/A/SpeechRecognitionCore
0x0000000103752000 	/System/Library/CoreServices/Encodings/libSimplifiedChineseConverter.dylib
0x0000000104000000 	/Library/Java/JavaVirtualMachines/jdk1.8.0_71.jdk/Contents/Home/jre/lib/server/libjvm.dylib
0x0000000002916000 	/usr/lib/libstdc++.6.dylib
0x000000010379a000 	/Library/Java/JavaVirtualMachines/jdk1.8.0_71.jdk/Contents/Home/jre/lib/libverify.dylib
0x00000001037a8000 	/Library/Java/JavaVirtualMachines/jdk1.8.0_71.jdk/Contents/Home/jre/lib/libjava.dylib
0x00000001037e7000 	/Library/Java/JavaVirtualMachines/jdk1.8.0_71.jdk/Contents/Home/jre/lib/libzip.dylib
0x0000000116774000 	/System/Library/Frameworks/JavaVM.framework/Frameworks/JavaRuntimeSupport.framework/JavaRuntimeSupport
0x000000011678f000 	/System/Library/Frameworks/JavaVM.framework/Versions/A/Frameworks/JavaNativeFoundation.framework/Versions/A/JavaNativeFoundation
0x00000001167a4000 	/System/Library/Frameworks/JavaVM.framework/Versions/A/JavaVM
0x0000000002916000 	/System/Library/Frameworks/Carbon.framework/Versions/A/Carbon
0x00000001167b1000 	/System/Library/PrivateFrameworks/JavaLaunching.framework/Versions/A/JavaLaunching
0x0000000002916000 	/System/Library/Frameworks/Carbon.framework/Versions/A/Frameworks/CommonPanels.framework/Versions/A/CommonPanels
0x0000000002916000 	/System/Library/Frameworks/Carbon.framework/Versions/A/Frameworks/Help.framework/Versions/A/Help
0x0000000002916000 	/System/Library/Frameworks/Carbon.framework/Versions/A/Frameworks/ImageCapture.framework/Versions/A/ImageCapture
0x0000000002916000 	/System/Library/Frameworks/Carbon.framework/Versions/A/Frameworks/OpenScripting.framework/Versions/A/OpenScripting
0x0000000002916000 	/System/Library/Frameworks/Carbon.framework/Versions/A/Frameworks/Print.framework/Versions/A/Print
0x0000000002916000 	/System/Library/Frameworks/Carbon.framework/Versions/A/Frameworks/SecurityHI.framework/Versions/A/SecurityHI
0x00000001189e7000 	/Library/Java/JavaVirtualMachines/jdk1.8.0_71.jdk/Contents/Home/jre/lib/libnet.dylib
0x0000000118a29000 	/Library/Java/JavaVirtualMachines/jdk1.8.0_71.jdk/Contents/Home/jre/lib/libmanagement.dylib
0x0000000118a37000 	/Library/Java/JavaVirtualMachines/jdk1.8.0_71.jdk/Contents/Home/jre/lib/libnio.dylib

VM Arguments:
jvm_args: -Xmx256M -Xms32M -Xbootclasspath/a:/usr/local/Cellar/scala/2.11.8/libexec/lib/akka-actor_2.11-2.3.10.jar:/usr/local/Cellar/scala/2.11.8/libexec/lib/config-1.2.1.jar:/usr/local/Cellar/scala/2.11.8/libexec/lib/jline-2.12.1.jar:/usr/local/Cellar/scala/2.11.8/libexec/lib/scala-actors-2.11.0.jar:/usr/local/Cellar/scala/2.11.8/libexec/lib/scala-actors-migration_2.11-1.1.0.jar:/usr/local/Cellar/scala/2.11.8/libexec/lib/scala-compiler.jar:/usr/local/Cellar/scala/2.11.8/libexec/lib/scala-continuations-library_2.11-1.0.2.jar:/usr/local/Cellar/scala/2.11.8/libexec/lib/scala-continuations-plugin_2.11.8-1.0.2.jar:/usr/local/Cellar/scala/2.11.8/libexec/lib/scala-library.jar:/usr/local/Cellar/scala/2.11.8/libexec/lib/scala-parser-combinators_2.11-1.0.4.jar:/usr/local/Cellar/scala/2.11.8/libexec/lib/scala-reflect.jar:/usr/local/Cellar/scala/2.11.8/libexec/lib/scala-swing_2.11-1.0.2.jar:/usr/local/Cellar/scala/2.11.8/libexec/lib/scala-xml_2.11-1.0.4.jar:/usr/local/Cellar/scala/2.11.8/libexec/lib/scalap-2.11.8.jar -Dscala.home=/usr/local/Cellar/scala/2.11.8/libexec -Dscala.usejavacp=true -Denv.emacs= 
java_command: scala.tools.nsc.MainGenericRunner -classpath ./target/echo-captain-1.0.jar
java_class_path (initial): ""
Launcher Type: SUN_STANDARD

Environment Variables:
PATH=/Users/rk/.nvm/versions/node/v4.2.3/bin:/usr/local/bin:/usr/bin:/bin:/usr/sbin:/sbin:/usr/local/bin:/Applications/CMake.app/Contents/bin/
SHELL=/bin/zsh

Signal Handlers:
SIGSEGV: [libjvm.dylib+0x5a68c5], sa_mask[0]=11111111011111110111111111111111, sa_flags=SA_ONSTACK|SA_RESTART|SA_SIGINFO
SIGBUS: [libjvm.dylib+0x5a68c5], sa_mask[0]=11111111011111110111111111111111, sa_flags=SA_RESTART|SA_SIGINFO
SIGFPE: [libjvm.dylib+0x4805d4], sa_mask[0]=11111111011111110111111111111111, sa_flags=SA_RESTART|SA_SIGINFO
SIGPIPE: [libjvm.dylib+0x4805d4], sa_mask[0]=11111111011111110111111111111111, sa_flags=SA_RESTART|SA_SIGINFO
SIGXFSZ: [libjvm.dylib+0x4805d4], sa_mask[0]=11111111011111110111111111111111, sa_flags=SA_RESTART|SA_SIGINFO
SIGILL: [libjvm.dylib+0x4805d4], sa_mask[0]=11111111011111110111111111111111, sa_flags=SA_RESTART|SA_SIGINFO
SIGUSR1: SIG_DFL, sa_mask[0]=00000000000000000000000000000000, sa_flags=SA_RESTART
SIGUSR2: [libjvm.dylib+0x4800f2], sa_mask[0]=00000000000000000000000000000000, sa_flags=SA_RESTART|SA_SIGINFO
SIGHUP: [libjvm.dylib+0x47e6c9], sa_mask[0]=11111111011111110111111111111111, sa_flags=SA_RESTART|SA_SIGINFO
SIGINT: [libjvm.dylib+0x47e6c9], sa_mask[0]=11111111011111110111111111111111, sa_flags=SA_RESTART|SA_SIGINFO
SIGTERM: [libjvm.dylib+0x47e6c9], sa_mask[0]=11111111011111110111111111111111, sa_flags=SA_RESTART|SA_SIGINFO
SIGQUIT: [libjvm.dylib+0x47e6c9], sa_mask[0]=11111111011111110111111111111111, sa_flags=SA_RESTART|SA_SIGINFO


---------------  S Y S T E M  ---------------

OS:Bsduname:Darwin 15.6.0 Darwin Kernel Version 15.6.0: Mon Aug 29 20:21:34 PDT 2016; root:xnu-3248.60.11~1/RELEASE_X86_64 x86_64
rlimit: STACK 8192k, CORE 0k, NPROC 709, NOFILE 10240, AS infinity
load average:1.77 1.84 1.89

CPU:total 4 (2 cores per cpu, 2 threads per core) family 6 model 58 stepping 9, cmov, cx8, fxsr, mmx, sse, sse2, sse3, ssse3, sse4.1, sse4.2, popcnt, avx, aes, clmul, erms, ht, tsc, tscinvbit, tscinv

Memory: 4k page, physical 8388608k(78444k free)

/proc/meminfo:


vm_info: Java HotSpot(TM) 64-Bit Server VM (25.71-b15) for bsd-amd64 JRE (1.8.0_71-b15), built on Dec 22 2015 15:11:44 by "java_re" with gcc 4.2.1 (Based on Apple Inc. build 5658) (LLVM build 2336.11.00)

time: Tue Sep 13 17:07:07 2016
elapsed time: 3389 seconds (0d 0h 56m 29s)

